Using pre-set license
Built from '2021.3/staging' branch; Version is '2021.3.2f1 (d6360bedb9a0) revision 14038539'; Using compiler version '192829333'; Build Type 'Release'
OS: 'Windows 10  (10.0.19045) 64bit Professional' Language: 'en' Physical Memory: 16311 MB
BatchMode: 1, IsHumanControllingUs: 0, StartBugReporterOnCrash: 0, Is64bit: 1, IsPro: 1

COMMAND LINE ARGUMENTS:
F:\Program Files (x86)\Unity\2021.3.2f1\Editor\Unity.exe
-adb2
-batchMode
-noUpm
-name
AssetImportWorker3
-projectPath
F:/Users/Public/Documents/Unity Projects/IVO-HENRIQUES_BSG-TASK/IVO HENRIQUES_BGS TASK/IVO HENRIQUES_BGS TASK
-logFile
Logs/AssetImportWorker3.log
-srvPort
59248
Successfully changed project path to: F:/Users/Public/Documents/Unity Projects/IVO-HENRIQUES_BSG-TASK/IVO HENRIQUES_BGS TASK/IVO HENRIQUES_BGS TASK
F:/Users/Public/Documents/Unity Projects/IVO-HENRIQUES_BSG-TASK/IVO HENRIQUES_BGS TASK/IVO HENRIQUES_BGS TASK
[UnityMemory] Configuration Parameters - Can be set up in boot.config
    "memorysetup-bucket-allocator-granularity=16"
    "memorysetup-bucket-allocator-bucket-count=8"
    "memorysetup-bucket-allocator-block-size=33554432"
    "memorysetup-bucket-allocator-block-count=8"
    "memorysetup-main-allocator-block-size=16777216"
    "memorysetup-thread-allocator-block-size=16777216"
    "memorysetup-gfx-main-allocator-block-size=16777216"
    "memorysetup-gfx-thread-allocator-block-size=16777216"
    "memorysetup-cache-allocator-block-size=4194304"
    "memorysetup-typetree-allocator-block-size=2097152"
    "memorysetup-profiler-bucket-allocator-granularity=16"
    "memorysetup-profiler-bucket-allocator-bucket-count=8"
    "memorysetup-profiler-bucket-allocator-block-size=33554432"
    "memorysetup-profiler-bucket-allocator-block-count=8"
    "memorysetup-profiler-allocator-block-size=16777216"
    "memorysetup-profiler-editor-allocator-block-size=1048576"
    "memorysetup-temp-allocator-size-main=16777216"
    "memorysetup-job-temp-allocator-block-size=2097152"
    "memorysetup-job-temp-allocator-block-size-background=1048576"
    "memorysetup-job-temp-allocator-reduction-small-platforms=262144"
    "memorysetup-temp-allocator-size-background-worker=32768"
    "memorysetup-temp-allocator-size-job-worker=262144"
    "memorysetup-temp-allocator-size-preload-manager=33554432"
    "memorysetup-temp-allocator-size-nav-mesh-worker=65536"
    "memorysetup-temp-allocator-size-audio-worker=65536"
    "memorysetup-temp-allocator-size-cloud-worker=32768"
    "memorysetup-temp-allocator-size-gi-baking-worker=262144"
    "memorysetup-temp-allocator-size-gfx=262144"
Refreshing native plugins compatible for Editor in 97.17 ms, found 4 plugins.
Preloading 0 native plugins for Editor in 0.00 ms.
Initialize engine version: 2021.3.2f1 (d6360bedb9a0)
[Subsystems] Discovering subsystems at path F:/Program Files (x86)/Unity/2021.3.2f1/Editor/Data/Resources/UnitySubsystems
[Subsystems] Discovering subsystems at path F:/Users/Public/Documents/Unity Projects/IVO-HENRIQUES_BSG-TASK/IVO HENRIQUES_BGS TASK/IVO HENRIQUES_BGS TASK/Assets
GfxDevice: creating device client; threaded=0; jobified=0
Direct3D:
    Version:  Direct3D 11.0 [level 11.1]
    Renderer: NVIDIA GeForce GTX 1050 Ti (ID=0x1c82)
    Vendor:   NVIDIA
    VRAM:     4017 MB
    Driver:   31.0.15.3623
Initialize mono
Mono path[0] = 'F:/Program Files (x86)/Unity/2021.3.2f1/Editor/Data/Managed'
Mono path[1] = 'F:/Program Files (x86)/Unity/2021.3.2f1/Editor/Data/MonoBleedingEdge/lib/mono/unityjit-win32'
Mono config path = 'F:/Program Files (x86)/Unity/2021.3.2f1/Editor/Data/MonoBleedingEdge/etc'
Using monoOptions --debugger-agent=transport=dt_socket,embedding=1,server=y,suspend=n,address=127.0.0.1:56632
Begin MonoManager ReloadAssembly
Registering precompiled unity dll's ...
Register platform support module: F:/Program Files (x86)/Unity/2021.3.2f1/Editor/Data/PlaybackEngines/AndroidPlayer/UnityEditor.Android.Extensions.dll
Register platform support module: F:/Program Files (x86)/Unity/2021.3.2f1/Editor/Data/PlaybackEngines/iOSSupport/UnityEditor.iOS.Extensions.dll
Register platform support module: F:/Program Files (x86)/Unity/2021.3.2f1/Editor/Data/PlaybackEngines/WindowsStandaloneSupport/UnityEditor.WindowsStandalone.Extensions.dll
Registered in 0.003469 seconds.
Native extension for WindowsStandalone target not found
[usbmuxd] Start listen thread
[usbmuxd] Listen thread started
Native extension for iOS target not found
Native extension for Android target not found
Refreshing native plugins compatible for Editor in 96.10 ms, found 4 plugins.
Preloading 0 native plugins for Editor in 0.00 ms.
Mono: successfully reloaded assembly
- Completed reload, in  0.592 seconds
Domain Reload Profiling:
	ReloadAssembly (593ms)
		BeginReloadAssembly (64ms)
			ExecutionOrderSort (0ms)
			DisableScriptedObjects (0ms)
			BackupInstance (0ms)
			ReleaseScriptingObjects (0ms)
			CreateAndSetChildDomain (1ms)
		EndReloadAssembly (430ms)
			LoadAssemblies (63ms)
			RebuildTransferFunctionScriptingTraits (0ms)
			SetupTypeCache (97ms)
			ReleaseScriptCaches (0ms)
			RebuildScriptCaches (23ms)
			SetupLoadedEditorAssemblies (268ms)
				LogAssemblyErrors (0ms)
				InitializePlatformSupportModulesInManaged (53ms)
				SetLoadedEditorAssemblies (2ms)
				RefreshPlugins (96ms)
				BeforeProcessingInitializeOnLoad (1ms)
				ProcessInitializeOnLoadAttributes (79ms)
				ProcessInitializeOnLoadMethodAttributes (37ms)
				AfterProcessingInitializeOnLoad (0ms)
				EditorAssembliesLoaded (0ms)
			ExecutionOrderSort2 (0ms)
			AwakeInstancesAfterBackupRestoration (0ms)
Platform modules already initialized, skipping
Registering precompiled user dll's ...
Registered in 0.004955 seconds.
Begin MonoManager ReloadAssembly
Symbol file LoadedFromMemory doesn't match image F:\Users\Public\Documents\Unity Projects\IVO-HENRIQUES_BSG-TASK\IVO HENRIQUES_BGS TASK\IVO HENRIQUES_BGS TASK\Library\PackageCache\com.unity.visualscripting@1.7.6\Editor\VisualScripting.Core\Dependencies\YamlDotNet\Unity.VisualScripting.YamlDotNet.dll
Symbol file LoadedFromMemory doesn't match image F:\Users\Public\Documents\Unity Projects\IVO-HENRIQUES_BSG-TASK\IVO HENRIQUES_BGS TASK\IVO HENRIQUES_BGS TASK\Library\PackageCache\com.unity.visualscripting@1.7.6\Editor\VisualScripting.Core\Dependencies\DotNetZip\Unity.VisualScripting.IonicZip.dll
Native extension for WindowsStandalone target not found
Native extension for iOS target not found
Native extension for Android target not found
Refreshing native plugins compatible for Editor in 94.22 ms, found 4 plugins.
Preloading 0 native plugins for Editor in 0.00 ms.
Mono: successfully reloaded assembly
- Completed reload, in  1.143 seconds
Domain Reload Profiling:
	ReloadAssembly (1144ms)
		BeginReloadAssembly (197ms)
			ExecutionOrderSort (0ms)
			DisableScriptedObjects (5ms)
			BackupInstance (0ms)
			ReleaseScriptingObjects (0ms)
			CreateAndSetChildDomain (121ms)
		EndReloadAssembly (851ms)
			LoadAssemblies (69ms)
			RebuildTransferFunctionScriptingTraits (0ms)
			SetupTypeCache (226ms)
			ReleaseScriptCaches (1ms)
			RebuildScriptCaches (64ms)
			SetupLoadedEditorAssemblies (439ms)
				LogAssemblyErrors (0ms)
				InitializePlatformSupportModulesInManaged (18ms)
				SetLoadedEditorAssemblies (0ms)
				RefreshPlugins (94ms)
				BeforeProcessingInitializeOnLoad (84ms)
				ProcessInitializeOnLoadAttributes (205ms)
				ProcessInitializeOnLoadMethodAttributes (35ms)
				AfterProcessingInitializeOnLoad (3ms)
				EditorAssembliesLoaded (0ms)
			ExecutionOrderSort2 (0ms)
			AwakeInstancesAfterBackupRestoration (5ms)
Platform modules already initialized, skipping
========================================================================
Worker process is ready to serve import requests
Launched and connected shader compiler UnityShaderCompiler.exe after 0.04 seconds
Refreshing native plugins compatible for Editor in 1.64 ms, found 4 plugins.
Preloading 0 native plugins for Editor in 0.00 ms.
Unloading 4054 Unused Serialized files (Serialized files now loaded: 0)
Unloading 37 unused Assets / (55.6 KB). Loaded Objects now: 4512.
Memory consumption went from 152.8 MB to 152.7 MB.
Total: 3.572900 ms (FindLiveObjects: 0.412800 ms CreateObjectMapping: 0.106100 ms MarkObjects: 2.961500 ms  DeleteObjects: 0.090700 ms)

AssetImportParameters requested are different than current active one (requested -> active):
  custom:video-decoder-ogg-theora: a1e56fd34408186e4bbccfd4996cb3dc -> 
  custom:container-muxer-webm: aa71ff27fc2769a1b78a27578f13a17b -> 
  custom:container-demuxer-webm: 4f35f7cbe854078d1ac9338744f61a02 -> 
  custom:video-encoder-webm-vp8: eb34c28f22e8b96e1ab97ce403110664 -> 
  custom:video-codec-MediaFoundation-h265: 746d11721c4dcdbdad8f713fa42b33f4 -> 
  custom:audio-encoder-webm-vorbis: bf7c407c2cedff20999df2af8eb42d56 -> 
  custom:framework-win-MediaFoundation: 216162199b28c13a410421893ffa2e32 -> 
  custom:container-demuxer-ogg: 62fdf1f143b41e24485cea50d1cbac27 -> 
  custom:video-decoder-webm-vp8: 9c59270c3fd7afecdb556c50c9e8de78 -> 
  custom:audio-decoder-ogg-vorbis: bf7c407c2cedff20999df2af8eb42d56 -> 
========================================================================
Received Import Request.
  Time since last request: 553412.807011 seconds.
  path: Assets/Sprites/Character v.2/clothes/suit.png
  artifactKey: Guid(daf041c23ceb2fd48be104d7a5886e0d) Importer(815301076,1909f56bfc062723c751e8b465ee728b)
Start importing Assets/Sprites/Character v.2/clothes/suit.png using Guid(daf041c23ceb2fd48be104d7a5886e0d) Importer(815301076,1909f56bfc062723c751e8b465ee728b)  -> (artifact id: '722d0b50b7b28866b047bf6135c988ac') in 0.302266 seconds 
========================================================================
Received Import Request.
  Time since last request: 0.000028 seconds.
  path: Assets/Sprites/Character v.2/clothes/skull.png
  artifactKey: Guid(8675ee41b9f928b4394ca6dfa9561d23) Importer(815301076,1909f56bfc062723c751e8b465ee728b)
Start importing Assets/Sprites/Character v.2/clothes/skull.png using Guid(8675ee41b9f928b4394ca6dfa9561d23) Importer(815301076,1909f56bfc062723c751e8b465ee728b)  -> (artifact id: 'd5e66421eb909ec11bc9abdf80284537') in 0.135923 seconds 
========================================================================
Received Import Request.
  Time since last request: 0.000027 seconds.
  path: Assets/Sprites/Character v.2/clothes/spaghetti.png
  artifactKey: Guid(1328398236bffb548b1e94a2234e98a6) Importer(815301076,1909f56bfc062723c751e8b465ee728b)
Start importing Assets/Sprites/Character v.2/clothes/spaghetti.png using Guid(1328398236bffb548b1e94a2234e98a6) Importer(815301076,1909f56bfc062723c751e8b465ee728b)  -> (artifact id: '5de02db50a4494fca546c7d3d538b13b') in 0.125123 seconds 
========================================================================
Received Import Request.
  Time since last request: 0.000020 seconds.
  path: Assets/Sprites/Character v.2/clothes/pants.png
  artifactKey: Guid(a17ebbc71322ac3498b6adce905e2c02) Importer(815301076,1909f56bfc062723c751e8b465ee728b)
Start importing Assets/Sprites/Character v.2/clothes/pants.png using Guid(a17ebbc71322ac3498b6adce905e2c02) Importer(815301076,1909f56bfc062723c751e8b465ee728b)  -> (artifact id: '0acae6001cb7e8d12be1499741fa46d6') in 7.449242 seconds 
========================================================================
Received Import Request.
  Time since last request: 119.581734 seconds.
  path: Assets/Sprites/Character v.2/acc/earring_emerald.png
  artifactKey: Guid(60315ec9917cf584a837bf95a0580d8a) Importer(815301076,1909f56bfc062723c751e8b465ee728b)
Start importing Assets/Sprites/Character v.2/acc/earring_emerald.png using Guid(60315ec9917cf584a837bf95a0580d8a) Importer(815301076,1909f56bfc062723c751e8b465ee728b)  -> (artifact id: '883d5ac8e343567c2361f12d1b8bfeb2') in 0.039165 seconds 
========================================================================
Received Import Request.
  Time since last request: 0.000028 seconds.
  path: Assets/Sprites/Character v.2/acc/earring_red.png
  artifactKey: Guid(a90b9d84b4cab2e4d908f93a5d7757ab) Importer(815301076,1909f56bfc062723c751e8b465ee728b)
Start importing Assets/Sprites/Character v.2/acc/earring_red.png using Guid(a90b9d84b4cab2e4d908f93a5d7757ab) Importer(815301076,1909f56bfc062723c751e8b465ee728b)  -> (artifact id: 'd00d6e5e7012cbbb3df58287e772eafa') in 0.036603 seconds 
========================================================================
Received Import Request.
  Time since last request: 0.000020 seconds.
  path: Assets/Sprites/Character v.2/acc/glasses.png
  artifactKey: Guid(b7f99d47f552df0448632601778f9c30) Importer(815301076,1909f56bfc062723c751e8b465ee728b)
Start importing Assets/Sprites/Character v.2/acc/glasses.png using Guid(b7f99d47f552df0448632601778f9c30) Importer(815301076,1909f56bfc062723c751e8b465ee728b)  -> (artifact id: '60fc7c84dde52241d40701ea0ffc9bb6') in 0.038500 seconds 
========================================================================
Received Import Request.
  Time since last request: 0.000031 seconds.
  path: Assets/Sprites/Character v.2/acc/hat_pumpkin_purple.png
  artifactKey: Guid(03105f268e00b2f4d9264b073bf687d3) Importer(815301076,1909f56bfc062723c751e8b465ee728b)
Start importing Assets/Sprites/Character v.2/acc/hat_pumpkin_purple.png using Guid(03105f268e00b2f4d9264b073bf687d3) Importer(815301076,1909f56bfc062723c751e8b465ee728b)  -> (artifact id: 'c0611c70952bb86412c0550b05f3a2d5') in 0.031086 seconds 
========================================================================
Received Import Request.
  Time since last request: 0.000035 seconds.
  path: Assets/Sprites/Character v.2/acc/mask_clown_blue.png
  artifactKey: Guid(479fe0da44ca34e409faea7d9316cada) Importer(815301076,1909f56bfc062723c751e8b465ee728b)
Start importing Assets/Sprites/Character v.2/acc/mask_clown_blue.png using Guid(479fe0da44ca34e409faea7d9316cada) Importer(815301076,1909f56bfc062723c751e8b465ee728b)  -> (artifact id: '4782a5d5be424209807013b92476cb18') in 0.031146 seconds 
========================================================================
Received Import Request.
  Time since last request: 0.000019 seconds.
  path: Assets/Sprites/Character v.2/acc/hat_lucky.png
  artifactKey: Guid(1076b969846c9b84d9bae240d40e263e) Importer(815301076,1909f56bfc062723c751e8b465ee728b)
Start importing Assets/Sprites/Character v.2/acc/hat_lucky.png using Guid(1076b969846c9b84d9bae240d40e263e) Importer(815301076,1909f56bfc062723c751e8b465ee728b)  -> (artifact id: '407477a827f50ef12a4b91e1bb70a6fa') in 0.118911 seconds 
========================================================================
Received Import Request.
  Time since last request: 0.000022 seconds.
  path: Assets/Sprites/Character v.2/acc/mask_clown_red.png
  artifactKey: Guid(d4c7b8a08b7986a479ebe72291c1aec7) Importer(815301076,1909f56bfc062723c751e8b465ee728b)
Start importing Assets/Sprites/Character v.2/acc/mask_clown_red.png using Guid(d4c7b8a08b7986a479ebe72291c1aec7) Importer(815301076,1909f56bfc062723c751e8b465ee728b)  -> (artifact id: 'f39654f9fb40e2b6a294d7d8a62c879c') in 0.035245 seconds 
========================================================================
Received Import Request.
  Time since last request: 0.000024 seconds.
  path: Assets/Sprites/Character v.2/acc/mask_spooky.png
  artifactKey: Guid(1d352e0798fcece45b7d018acf765c8e) Importer(815301076,1909f56bfc062723c751e8b465ee728b)
Start importing Assets/Sprites/Character v.2/acc/mask_spooky.png using Guid(1d352e0798fcece45b7d018acf765c8e) Importer(815301076,1909f56bfc062723c751e8b465ee728b)  -> (artifact id: 'eceb351efda538bf64ce4f898b73147b') in 0.029705 seconds 
========================================================================
Received Import Request.
  Time since last request: 0.000024 seconds.
  path: Assets/Sprites/Character v.2/acc/hat_pumpkin.png
  artifactKey: Guid(1c97a050aeda4a1428228d0ef50deb75) Importer(815301076,1909f56bfc062723c751e8b465ee728b)
Start importing Assets/Sprites/Character v.2/acc/hat_pumpkin.png using Guid(1c97a050aeda4a1428228d0ef50deb75) Importer(815301076,1909f56bfc062723c751e8b465ee728b)  -> (artifact id: '5e488cf331fd57051323ee286af92f3a') in 0.051713 seconds 
========================================================================
Received Import Request.
  Time since last request: 0.000020 seconds.
  path: Assets/Sprites/Character v.2/acc/earring_red_silver.png
  artifactKey: Guid(b236d408848fc7f48b4cebdf24322a4a) Importer(815301076,1909f56bfc062723c751e8b465ee728b)
Start importing Assets/Sprites/Character v.2/acc/earring_red_silver.png using Guid(b236d408848fc7f48b4cebdf24322a4a) Importer(815301076,1909f56bfc062723c751e8b465ee728b)  -> (artifact id: 'c2e3756bb08f7f7ace1cf744af855e3b') in 0.026682 seconds 
========================================================================
Received Import Request.
  Time since last request: 0.055739 seconds.
  path: Assets/Sprites/Character v.2/characters/char2.png
  artifactKey: Guid(99fa201bac3e8d241b8bc9d0f51ceea1) Importer(815301076,1909f56bfc062723c751e8b465ee728b)
Start importing Assets/Sprites/Character v.2/characters/char2.png using Guid(99fa201bac3e8d241b8bc9d0f51ceea1) Importer(815301076,1909f56bfc062723c751e8b465ee728b)  -> (artifact id: '663daa76da785ea4e1c1f4adff254839') in 0.029282 seconds 
========================================================================
Received Import Request.
  Time since last request: 0.000032 seconds.
  path: Assets/Sprites/Character v.2/characters/char6.png
  artifactKey: Guid(c17dd3f92befccc4ab918dd19193994f) Importer(815301076,1909f56bfc062723c751e8b465ee728b)
Start importing Assets/Sprites/Character v.2/characters/char6.png using Guid(c17dd3f92befccc4ab918dd19193994f) Importer(815301076,1909f56bfc062723c751e8b465ee728b)  -> (artifact id: '7a301f0191164d730701cb9d9d9ffbbc') in 0.029997 seconds 
========================================================================
Received Import Request.
  Time since last request: 0.000022 seconds.
  path: Assets/Sprites/Character v.2/characters/char5.png
  artifactKey: Guid(a3622e41655a05f47b9e69f4e748d177) Importer(815301076,1909f56bfc062723c751e8b465ee728b)
Start importing Assets/Sprites/Character v.2/characters/char5.png using Guid(a3622e41655a05f47b9e69f4e748d177) Importer(815301076,1909f56bfc062723c751e8b465ee728b)  -> (artifact id: '84e1ae4fd9a166920a62c75093ca39e5') in 0.029301 seconds 
========================================================================
Received Import Request.
  Time since last request: 0.000023 seconds.
  path: Assets/Sprites/Character v.2/characters/char_all.png
  artifactKey: Guid(28fcff243d6c2744eb12a478dfe508f8) Importer(815301076,1909f56bfc062723c751e8b465ee728b)
Start importing Assets/Sprites/Character v.2/characters/char_all.png using Guid(28fcff243d6c2744eb12a478dfe508f8) Importer(815301076,1909f56bfc062723c751e8b465ee728b)  -> (artifact id: '0605552b57e2da37a5de2f66c9e35cca') in 0.151021 seconds 
========================================================================
Received Import Request.
  Time since last request: 0.000023 seconds.
  path: Assets/Sprites/Character v.2/characters/char4.png
  artifactKey: Guid(ccc7110020a31d9409f38a9b8e8e0a81) Importer(815301076,1909f56bfc062723c751e8b465ee728b)
Start importing Assets/Sprites/Character v.2/characters/char4.png using Guid(ccc7110020a31d9409f38a9b8e8e0a81) Importer(815301076,1909f56bfc062723c751e8b465ee728b)  -> (artifact id: '8c4a521482b4c18b9e3f15c081fbe85b') in 0.509176 seconds 
Editor requested this worker to shutdown with reason: Scaling down because of idle timeout
AssetImportWorker is now disconnected from the server
Process exiting
Exiting without the bug reporter. Application will terminate with return code 0