Using pre-set license
Built from '2021.3/staging' branch; Version is '2021.3.2f1 (d6360bedb9a0) revision 14038539'; Using compiler version '192829333'; Build Type 'Release'
OS: 'Windows 10  (10.0.19045) 64bit Professional' Language: 'en' Physical Memory: 16311 MB
BatchMode: 1, IsHumanControllingUs: 0, StartBugReporterOnCrash: 0, Is64bit: 1, IsPro: 1

COMMAND LINE ARGUMENTS:
F:\Program Files (x86)\Unity\2021.3.2f1\Editor\Unity.exe
-adb2
-batchMode
-noUpm
-name
AssetImportWorker14
-projectPath
F:/Users/Public/Documents/Unity Projects/IVO-HENRIQUES_BSG-TASK/IVO HENRIQUES_BGS TASK/IVO HENRIQUES_BGS TASK
-logFile
Logs/AssetImportWorker14.log
-srvPort
53799
Successfully changed project path to: F:/Users/Public/Documents/Unity Projects/IVO-HENRIQUES_BSG-TASK/IVO HENRIQUES_BGS TASK/IVO HENRIQUES_BGS TASK
F:/Users/Public/Documents/Unity Projects/IVO-HENRIQUES_BSG-TASK/IVO HENRIQUES_BGS TASK/IVO HENRIQUES_BGS TASK
[UnityMemory] Configuration Parameters - Can be set up in boot.config
    "memorysetup-bucket-allocator-granularity=16"
    "memorysetup-bucket-allocator-bucket-count=8"
    "memorysetup-bucket-allocator-block-size=33554432"
    "memorysetup-bucket-allocator-block-count=8"
    "memorysetup-main-allocator-block-size=16777216"
    "memorysetup-thread-allocator-block-size=16777216"
    "memorysetup-gfx-main-allocator-block-size=16777216"
    "memorysetup-gfx-thread-allocator-block-size=16777216"
    "memorysetup-cache-allocator-block-size=4194304"
    "memorysetup-typetree-allocator-block-size=2097152"
    "memorysetup-profiler-bucket-allocator-granularity=16"
    "memorysetup-profiler-bucket-allocator-bucket-count=8"
    "memorysetup-profiler-bucket-allocator-block-size=33554432"
    "memorysetup-profiler-bucket-allocator-block-count=8"
    "memorysetup-profiler-allocator-block-size=16777216"
    "memorysetup-profiler-editor-allocator-block-size=1048576"
    "memorysetup-temp-allocator-size-main=16777216"
    "memorysetup-job-temp-allocator-block-size=2097152"
    "memorysetup-job-temp-allocator-block-size-background=1048576"
    "memorysetup-job-temp-allocator-reduction-small-platforms=262144"
    "memorysetup-temp-allocator-size-background-worker=32768"
    "memorysetup-temp-allocator-size-job-worker=262144"
    "memorysetup-temp-allocator-size-preload-manager=33554432"
    "memorysetup-temp-allocator-size-nav-mesh-worker=65536"
    "memorysetup-temp-allocator-size-audio-worker=65536"
    "memorysetup-temp-allocator-size-cloud-worker=32768"
    "memorysetup-temp-allocator-size-gi-baking-worker=262144"
    "memorysetup-temp-allocator-size-gfx=262144"
Refreshing native plugins compatible for Editor in 96.85 ms, found 4 plugins.
Preloading 0 native plugins for Editor in 0.00 ms.
Initialize engine version: 2021.3.2f1 (d6360bedb9a0)
[Subsystems] Discovering subsystems at path F:/Program Files (x86)/Unity/2021.3.2f1/Editor/Data/Resources/UnitySubsystems
[Subsystems] Discovering subsystems at path F:/Users/Public/Documents/Unity Projects/IVO-HENRIQUES_BSG-TASK/IVO HENRIQUES_BGS TASK/IVO HENRIQUES_BGS TASK/Assets
GfxDevice: creating device client; threaded=0; jobified=0
Direct3D:
    Version:  Direct3D 11.0 [level 11.1]
    Renderer: NVIDIA GeForce GTX 1050 Ti (ID=0x1c82)
    Vendor:   NVIDIA
    VRAM:     4017 MB
    Driver:   31.0.15.3623
Initialize mono
Mono path[0] = 'F:/Program Files (x86)/Unity/2021.3.2f1/Editor/Data/Managed'
Mono path[1] = 'F:/Program Files (x86)/Unity/2021.3.2f1/Editor/Data/MonoBleedingEdge/lib/mono/unityjit-win32'
Mono config path = 'F:/Program Files (x86)/Unity/2021.3.2f1/Editor/Data/MonoBleedingEdge/etc'
Using monoOptions --debugger-agent=transport=dt_socket,embedding=1,server=y,suspend=n,address=127.0.0.1:56524
Begin MonoManager ReloadAssembly
Registering precompiled unity dll's ...
Register platform support module: F:/Program Files (x86)/Unity/2021.3.2f1/Editor/Data/PlaybackEngines/AndroidPlayer/UnityEditor.Android.Extensions.dll
Register platform support module: F:/Program Files (x86)/Unity/2021.3.2f1/Editor/Data/PlaybackEngines/iOSSupport/UnityEditor.iOS.Extensions.dll
Register platform support module: F:/Program Files (x86)/Unity/2021.3.2f1/Editor/Data/PlaybackEngines/WindowsStandaloneSupport/UnityEditor.WindowsStandalone.Extensions.dll
Registered in 0.003173 seconds.
Native extension for WindowsStandalone target not found
[usbmuxd] Start listen thread
[usbmuxd] Listen thread started
Native extension for iOS target not found
Native extension for Android target not found
Refreshing native plugins compatible for Editor in 96.03 ms, found 4 plugins.
Preloading 0 native plugins for Editor in 0.00 ms.
Mono: successfully reloaded assembly
- Completed reload, in  0.552 seconds
Domain Reload Profiling:
	ReloadAssembly (552ms)
		BeginReloadAssembly (53ms)
			ExecutionOrderSort (0ms)
			DisableScriptedObjects (0ms)
			BackupInstance (0ms)
			ReleaseScriptingObjects (0ms)
			CreateAndSetChildDomain (1ms)
		EndReloadAssembly (415ms)
			LoadAssemblies (53ms)
			RebuildTransferFunctionScriptingTraits (0ms)
			SetupTypeCache (88ms)
			ReleaseScriptCaches (0ms)
			RebuildScriptCaches (21ms)
			SetupLoadedEditorAssemblies (264ms)
				LogAssemblyErrors (0ms)
				InitializePlatformSupportModulesInManaged (51ms)
				SetLoadedEditorAssemblies (0ms)
				RefreshPlugins (96ms)
				BeforeProcessingInitializeOnLoad (1ms)
				ProcessInitializeOnLoadAttributes (80ms)
				ProcessInitializeOnLoadMethodAttributes (35ms)
				AfterProcessingInitializeOnLoad (0ms)
				EditorAssembliesLoaded (0ms)
			ExecutionOrderSort2 (0ms)
			AwakeInstancesAfterBackupRestoration (0ms)
Platform modules already initialized, skipping
Registering precompiled user dll's ...
Registered in 0.004717 seconds.
Begin MonoManager ReloadAssembly
Symbol file LoadedFromMemory doesn't match image F:\Users\Public\Documents\Unity Projects\IVO-HENRIQUES_BSG-TASK\IVO HENRIQUES_BGS TASK\IVO HENRIQUES_BGS TASK\Library\PackageCache\com.unity.visualscripting@1.7.6\Editor\VisualScripting.Core\Dependencies\YamlDotNet\Unity.VisualScripting.YamlDotNet.dll
Symbol file LoadedFromMemory doesn't match image F:\Users\Public\Documents\Unity Projects\IVO-HENRIQUES_BSG-TASK\IVO HENRIQUES_BGS TASK\IVO HENRIQUES_BGS TASK\Library\PackageCache\com.unity.visualscripting@1.7.6\Editor\VisualScripting.Core\Dependencies\DotNetZip\Unity.VisualScripting.IonicZip.dll
Native extension for WindowsStandalone target not found
Native extension for iOS target not found
Native extension for Android target not found
Refreshing native plugins compatible for Editor in 92.69 ms, found 4 plugins.
Preloading 0 native plugins for Editor in 0.00 ms.
Mono: successfully reloaded assembly
- Completed reload, in  1.099 seconds
Domain Reload Profiling:
	ReloadAssembly (1100ms)
		BeginReloadAssembly (203ms)
			ExecutionOrderSort (0ms)
			DisableScriptedObjects (5ms)
			BackupInstance (0ms)
			ReleaseScriptingObjects (0ms)
			CreateAndSetChildDomain (129ms)
		EndReloadAssembly (801ms)
			LoadAssemblies (71ms)
			RebuildTransferFunctionScriptingTraits (0ms)
			SetupTypeCache (225ms)
			ReleaseScriptCaches (1ms)
			RebuildScriptCaches (50ms)
			SetupLoadedEditorAssemblies (422ms)
				LogAssemblyErrors (0ms)
				InitializePlatformSupportModulesInManaged (17ms)
				SetLoadedEditorAssemblies (0ms)
				RefreshPlugins (93ms)
				BeforeProcessingInitializeOnLoad (81ms)
				ProcessInitializeOnLoadAttributes (194ms)
				ProcessInitializeOnLoadMethodAttributes (35ms)
				AfterProcessingInitializeOnLoad (3ms)
				EditorAssembliesLoaded (0ms)
			ExecutionOrderSort2 (0ms)
			AwakeInstancesAfterBackupRestoration (4ms)
Platform modules already initialized, skipping
========================================================================
Worker process is ready to serve import requests
Launched and connected shader compiler UnityShaderCompiler.exe after 0.05 seconds
Refreshing native plugins compatible for Editor in 0.97 ms, found 4 plugins.
Preloading 0 native plugins for Editor in 0.00 ms.
Unloading 4048 Unused Serialized files (Serialized files now loaded: 0)
Unloading 37 unused Assets / (55.6 KB). Loaded Objects now: 4506.
Memory consumption went from 152.6 MB to 152.6 MB.
Total: 3.017900 ms (FindLiveObjects: 0.344000 ms CreateObjectMapping: 0.100600 ms MarkObjects: 2.506800 ms  DeleteObjects: 0.065600 ms)

AssetImportParameters requested are different than current active one (requested -> active):
  custom:video-decoder-ogg-theora: a1e56fd34408186e4bbccfd4996cb3dc -> 
  custom:container-muxer-webm: aa71ff27fc2769a1b78a27578f13a17b -> 
  custom:container-demuxer-webm: 4f35f7cbe854078d1ac9338744f61a02 -> 
  custom:video-encoder-webm-vp8: eb34c28f22e8b96e1ab97ce403110664 -> 
  custom:video-codec-MediaFoundation-h265: 746d11721c4dcdbdad8f713fa42b33f4 -> 
  custom:audio-encoder-webm-vorbis: bf7c407c2cedff20999df2af8eb42d56 -> 
  custom:framework-win-MediaFoundation: 216162199b28c13a410421893ffa2e32 -> 
  custom:container-demuxer-ogg: 62fdf1f143b41e24485cea50d1cbac27 -> 
  custom:video-decoder-webm-vp8: 9c59270c3fd7afecdb556c50c9e8de78 -> 
  custom:audio-decoder-ogg-vorbis: bf7c407c2cedff20999df2af8eb42d56 -> 
========================================================================
Received Import Request.
  Time since last request: 520068.051295 seconds.
  path: Assets/Sprites/town full/tiles/tiles.asset
  artifactKey: Guid(42b1f0a54e54cd54ca70552b6c2ae13f) Importer(815301076,1909f56bfc062723c751e8b465ee728b)
Start importing Assets/Sprites/town full/tiles/tiles.asset using Guid(42b1f0a54e54cd54ca70552b6c2ae13f) Importer(815301076,1909f56bfc062723c751e8b465ee728b)  -> (artifact id: '1f346137f6509e3747a88ba7c47064dc') in 0.098579 seconds 
========================================================================
Received Import Request.
  Time since last request: 400.919985 seconds.
  path: Assets/Sprites/town full/tiles/Level Tiles.prefab
  artifactKey: Guid(1d4cc7309e7ca5d47ab999048ddf4f20) Importer(815301076,1909f56bfc062723c751e8b465ee728b)
Start importing Assets/Sprites/town full/tiles/Level Tiles.prefab using Guid(1d4cc7309e7ca5d47ab999048ddf4f20) Importer(815301076,1909f56bfc062723c751e8b465ee728b)  -> (artifact id: 'fb0643e3d22480977afa73453aa1139e') in 0.057525 seconds 
========================================================================
Received Import Request.
  Time since last request: 7.260906 seconds.
  path: Assets/Sprites/town full/tiles/Level Tiles.prefab
  artifactKey: Guid(1d4cc7309e7ca5d47ab999048ddf4f20) Importer(815301076,1909f56bfc062723c751e8b465ee728b)
Start importing Assets/Sprites/town full/tiles/Level Tiles.prefab using Guid(1d4cc7309e7ca5d47ab999048ddf4f20) Importer(815301076,1909f56bfc062723c751e8b465ee728b)  -> (artifact id: 'efcb9f4d940db4cd6c3873af3c9b2b33') in 0.021073 seconds 
========================================================================
Received Import Request.
  Time since last request: 219.317147 seconds.
  path: Assets/Sprites/town full/tiles/Level Tiles.prefab
  artifactKey: Guid(1d4cc7309e7ca5d47ab999048ddf4f20) Importer(815301076,1909f56bfc062723c751e8b465ee728b)
Start importing Assets/Sprites/town full/tiles/Level Tiles.prefab using Guid(1d4cc7309e7ca5d47ab999048ddf4f20) Importer(815301076,1909f56bfc062723c751e8b465ee728b)  -> (artifact id: 'd27e7591d5517aa52c4cfc2cce7eb38a') in 0.014427 seconds 
========================================================================
Received Import Request.
  Time since last request: 4.016008 seconds.
  path: Assets/Sprites/town full/tiles/Level Tiles.prefab
  artifactKey: Guid(1d4cc7309e7ca5d47ab999048ddf4f20) Importer(815301076,1909f56bfc062723c751e8b465ee728b)
Start importing Assets/Sprites/town full/tiles/Level Tiles.prefab using Guid(1d4cc7309e7ca5d47ab999048ddf4f20) Importer(815301076,1909f56bfc062723c751e8b465ee728b)  -> (artifact id: 'fd0dcf84351084e65ccf63c46d1c3086') in 0.014104 seconds 
========================================================================
Received Import Request.
  Time since last request: 6.029976 seconds.
  path: Assets/Sprites/town full/tiles/tiles_152.asset
  artifactKey: Guid(1d28838f206c13d4a80ad97a1324fb7d) Importer(815301076,1909f56bfc062723c751e8b465ee728b)
Start importing Assets/Sprites/town full/tiles/tiles_152.asset using Guid(1d28838f206c13d4a80ad97a1324fb7d) Importer(815301076,1909f56bfc062723c751e8b465ee728b)  -> (artifact id: 'ddbf71408b87f8a3a108f68565be4c6a') in 0.056092 seconds 
========================================================================
Received Import Request.
  Time since last request: 34.719747 seconds.
  path: Assets/Sprites/town full/tiles/Level Tiles.prefab
  artifactKey: Guid(1d4cc7309e7ca5d47ab999048ddf4f20) Importer(815301076,1909f56bfc062723c751e8b465ee728b)
Start importing Assets/Sprites/town full/tiles/Level Tiles.prefab using Guid(1d4cc7309e7ca5d47ab999048ddf4f20) Importer(815301076,1909f56bfc062723c751e8b465ee728b)  -> (artifact id: 'e06736921d21f5c9c574f764115a8286') in 0.015254 seconds 
========================================================================
Received Import Request.
  Time since last request: 0.000018 seconds.
  path: Assets/Sprites/town full/tiles/tiles_3.asset
  artifactKey: Guid(369b9c5b5d8304a489232d25dfade8e0) Importer(815301076,1909f56bfc062723c751e8b465ee728b)
Start importing Assets/Sprites/town full/tiles/tiles_3.asset using Guid(369b9c5b5d8304a489232d25dfade8e0) Importer(815301076,1909f56bfc062723c751e8b465ee728b)  -> (artifact id: 'f3b4f25270994e2a89476bda68880219') in 0.006558 seconds 
========================================================================
Received Import Request.
  Time since last request: 0.000019 seconds.
  path: Assets/Sprites/town full/tiles/tiles_152.asset
  artifactKey: Guid(1d28838f206c13d4a80ad97a1324fb7d) Importer(815301076,1909f56bfc062723c751e8b465ee728b)
Start importing Assets/Sprites/town full/tiles/tiles_152.asset using Guid(1d28838f206c13d4a80ad97a1324fb7d) Importer(815301076,1909f56bfc062723c751e8b465ee728b)  -> (artifact id: '92ced4049e647c838f77c4536ca24214') in 0.006826 seconds 
========================================================================
Received Import Request.
  Time since last request: 133.766569 seconds.
  path: Assets/Sprites/town full/tiles/Level Tiles.prefab
  artifactKey: Guid(1d4cc7309e7ca5d47ab999048ddf4f20) Importer(815301076,1909f56bfc062723c751e8b465ee728b)
Start importing Assets/Sprites/town full/tiles/Level Tiles.prefab using Guid(1d4cc7309e7ca5d47ab999048ddf4f20) Importer(815301076,1909f56bfc062723c751e8b465ee728b)  -> (artifact id: 'a8bab1630a88b6fd67ed76eea0225cf5') in 0.037051 seconds 
========================================================================
Received Import Request.
  Time since last request: 27.163126 seconds.
  path: Assets/Sprites/town full/tiles/tiles_3.asset
  artifactKey: Guid(369b9c5b5d8304a489232d25dfade8e0) Importer(815301076,1909f56bfc062723c751e8b465ee728b)
Start importing Assets/Sprites/town full/tiles/tiles_3.asset using Guid(369b9c5b5d8304a489232d25dfade8e0) Importer(815301076,1909f56bfc062723c751e8b465ee728b)  -> (artifact id: 'ea9f39358637aa112767287abc1d9b59') in 0.007327 seconds 
========================================================================
Received Import Request.
  Time since last request: 0.000019 seconds.
  path: Assets/Sprites/town full/tiles/tiles_152.asset
  artifactKey: Guid(1d28838f206c13d4a80ad97a1324fb7d) Importer(815301076,1909f56bfc062723c751e8b465ee728b)
Start importing Assets/Sprites/town full/tiles/tiles_152.asset using Guid(1d28838f206c13d4a80ad97a1324fb7d) Importer(815301076,1909f56bfc062723c751e8b465ee728b)  -> (artifact id: '9ed7987bdee4bc78a3601f778787f4a6') in 0.010954 seconds 
========================================================================
Received Import Request.
  Time since last request: 213.605506 seconds.
  path: Assets/Sprites/town full/tiles/Level Tiles.prefab
  artifactKey: Guid(1d4cc7309e7ca5d47ab999048ddf4f20) Importer(815301076,1909f56bfc062723c751e8b465ee728b)
Start importing Assets/Sprites/town full/tiles/Level Tiles.prefab using Guid(1d4cc7309e7ca5d47ab999048ddf4f20) Importer(815301076,1909f56bfc062723c751e8b465ee728b)  -> (artifact id: '578d86f3a7317c199ff57fe6cb9dfd86') in 0.012190 seconds 
========================================================================
Received Import Request.
  Time since last request: 0.000020 seconds.
  path: Assets/Sprites/town full/tiles/tiles_3.asset
  artifactKey: Guid(369b9c5b5d8304a489232d25dfade8e0) Importer(815301076,1909f56bfc062723c751e8b465ee728b)
Start importing Assets/Sprites/town full/tiles/tiles_3.asset using Guid(369b9c5b5d8304a489232d25dfade8e0) Importer(815301076,1909f56bfc062723c751e8b465ee728b)  -> (artifact id: '9f2c7ab5a188b74282cccfc6a8641137') in 0.006793 seconds 
========================================================================
Received Import Request.
  Time since last request: 0.000030 seconds.
  path: Assets/Sprites/town full/tiles/tiles_0.asset
  artifactKey: Guid(4fd357114dad00c43b398342c711a430) Importer(815301076,1909f56bfc062723c751e8b465ee728b)
Start importing Assets/Sprites/town full/tiles/tiles_0.asset using Guid(4fd357114dad00c43b398342c711a430) Importer(815301076,1909f56bfc062723c751e8b465ee728b)  -> (artifact id: 'd715048257f98bfa8a8847d801cc7916') in 0.007822 seconds 
========================================================================
Received Import Request.
  Time since last request: 0.000018 seconds.
  path: Assets/Sprites/town full/tiles/tiles_152.asset
  artifactKey: Guid(1d28838f206c13d4a80ad97a1324fb7d) Importer(815301076,1909f56bfc062723c751e8b465ee728b)
Start importing Assets/Sprites/town full/tiles/tiles_152.asset using Guid(1d28838f206c13d4a80ad97a1324fb7d) Importer(815301076,1909f56bfc062723c751e8b465ee728b)  -> (artifact id: '4b6e6d30f7402ff9a57e3a1f3cd6d9fd') in 0.006851 seconds 
========================================================================
Received Import Request.
  Time since last request: 0.000026 seconds.
  path: Assets/Sprites/town full/tiles/tiles_149.asset
  artifactKey: Guid(12e0695c7b0140740a5853e68644d9d8) Importer(815301076,1909f56bfc062723c751e8b465ee728b)
Start importing Assets/Sprites/town full/tiles/tiles_149.asset using Guid(12e0695c7b0140740a5853e68644d9d8) Importer(815301076,1909f56bfc062723c751e8b465ee728b)  -> (artifact id: '43ba40432c7f1d75f35f98bb0261012b') in 0.007888 seconds 
========================================================================
Received Import Request.
  Time since last request: 7.998398 seconds.
  path: Assets/Sprites/town full/tiles/tiles_0.asset
  artifactKey: Guid(4fd357114dad00c43b398342c711a430) Importer(815301076,1909f56bfc062723c751e8b465ee728b)
Start importing Assets/Sprites/town full/tiles/tiles_0.asset using Guid(4fd357114dad00c43b398342c711a430) Importer(815301076,1909f56bfc062723c751e8b465ee728b)  -> (artifact id: '22498f217ca25c7e4e181c59136cd10f') in 0.008458 seconds 
========================================================================
Received Import Request.
  Time since last request: 0.000017 seconds.
  path: Assets/Sprites/town full/tiles/tiles_3.asset
  artifactKey: Guid(369b9c5b5d8304a489232d25dfade8e0) Importer(815301076,1909f56bfc062723c751e8b465ee728b)
Start importing Assets/Sprites/town full/tiles/tiles_3.asset using Guid(369b9c5b5d8304a489232d25dfade8e0) Importer(815301076,1909f56bfc062723c751e8b465ee728b)  -> (artifact id: '0fac924d648d546ebdfe288c3eea01ab') in 0.007663 seconds 
========================================================================
Received Import Request.
  Time since last request: 0.000029 seconds.
  path: Assets/Sprites/town full/tiles/tiles_152.asset
  artifactKey: Guid(1d28838f206c13d4a80ad97a1324fb7d) Importer(815301076,1909f56bfc062723c751e8b465ee728b)
Start importing Assets/Sprites/town full/tiles/tiles_152.asset using Guid(1d28838f206c13d4a80ad97a1324fb7d) Importer(815301076,1909f56bfc062723c751e8b465ee728b)  -> (artifact id: '734e19c1be26706be6ba6167d7d01a65') in 0.006819 seconds 
========================================================================
Received Import Request.
  Time since last request: 0.000022 seconds.
  path: Assets/Sprites/town full/tiles/tiles_149.asset
  artifactKey: Guid(12e0695c7b0140740a5853e68644d9d8) Importer(815301076,1909f56bfc062723c751e8b465ee728b)
Start importing Assets/Sprites/town full/tiles/tiles_149.asset using Guid(12e0695c7b0140740a5853e68644d9d8) Importer(815301076,1909f56bfc062723c751e8b465ee728b)  -> (artifact id: '33273690b254a7bd3d9ac09f58c77d79') in 0.007041 seconds 
========================================================================
Received Import Request.
  Time since last request: 5.765655 seconds.
  path: Assets/Sprites/town full/tiles/tiles_0.asset
  artifactKey: Guid(4fd357114dad00c43b398342c711a430) Importer(815301076,1909f56bfc062723c751e8b465ee728b)
Start importing Assets/Sprites/town full/tiles/tiles_0.asset using Guid(4fd357114dad00c43b398342c711a430) Importer(815301076,1909f56bfc062723c751e8b465ee728b)  -> (artifact id: '574e864ae6aa2feb24b05683cab733d4') in 0.008223 seconds 
========================================================================
Received Import Request.
  Time since last request: 0.000030 seconds.
  path: Assets/Sprites/town full/tiles/tiles_3.asset
  artifactKey: Guid(369b9c5b5d8304a489232d25dfade8e0) Importer(815301076,1909f56bfc062723c751e8b465ee728b)
Start importing Assets/Sprites/town full/tiles/tiles_3.asset using Guid(369b9c5b5d8304a489232d25dfade8e0) Importer(815301076,1909f56bfc062723c751e8b465ee728b)  -> (artifact id: '740fbf1c0cd1f0b6b1e9450f4f2ceab5') in 0.008369 seconds 
========================================================================
Received Import Request.
  Time since last request: 0.000026 seconds.
  path: Assets/Sprites/town full/tiles/tiles_149.asset
  artifactKey: Guid(12e0695c7b0140740a5853e68644d9d8) Importer(815301076,1909f56bfc062723c751e8b465ee728b)
Start importing Assets/Sprites/town full/tiles/tiles_149.asset using Guid(12e0695c7b0140740a5853e68644d9d8) Importer(815301076,1909f56bfc062723c751e8b465ee728b)  -> (artifact id: '9c79df30576138aa4f22a75c1b5f6217') in 0.007523 seconds 
========================================================================
Received Import Request.
  Time since last request: 6.043278 seconds.
  path: Assets/Sprites/town full/tiles/tiles_0.asset
  artifactKey: Guid(4fd357114dad00c43b398342c711a430) Importer(815301076,1909f56bfc062723c751e8b465ee728b)
Start importing Assets/Sprites/town full/tiles/tiles_0.asset using Guid(4fd357114dad00c43b398342c711a430) Importer(815301076,1909f56bfc062723c751e8b465ee728b)  -> (artifact id: '3cac3039c7632f3751acd00e9e9c2c95') in 0.007640 seconds 
========================================================================
Received Import Request.
  Time since last request: 0.000021 seconds.
  path: Assets/Sprites/town full/tiles/tiles_3.asset
  artifactKey: Guid(369b9c5b5d8304a489232d25dfade8e0) Importer(815301076,1909f56bfc062723c751e8b465ee728b)
Start importing Assets/Sprites/town full/tiles/tiles_3.asset using Guid(369b9c5b5d8304a489232d25dfade8e0) Importer(815301076,1909f56bfc062723c751e8b465ee728b)  -> (artifact id: '9be0f792af234ed940668681658318a4') in 0.007661 seconds 
========================================================================
Received Import Request.
  Time since last request: 0.000019 seconds.
  path: Assets/Sprites/town full/tiles/tiles_149.asset
  artifactKey: Guid(12e0695c7b0140740a5853e68644d9d8) Importer(815301076,1909f56bfc062723c751e8b465ee728b)
Start importing Assets/Sprites/town full/tiles/tiles_149.asset using Guid(12e0695c7b0140740a5853e68644d9d8) Importer(815301076,1909f56bfc062723c751e8b465ee728b)  -> (artifact id: '145fe00ad919a5e05e8e51cea678561a') in 0.006684 seconds 
========================================================================
Received Import Request.
  Time since last request: 968.069439 seconds.
  path: Assets/Sprites/town full/tiles/interior_36.asset
  artifactKey: Guid(9e92e147827847d4d86eeb0cd653d5be) Importer(815301076,1909f56bfc062723c751e8b465ee728b)
Start importing Assets/Sprites/town full/tiles/interior_36.asset using Guid(9e92e147827847d4d86eeb0cd653d5be) Importer(815301076,1909f56bfc062723c751e8b465ee728b)  -> (artifact id: '300c45d6918ae95b0306bd7d29d10f6e') in 0.029112 seconds 
========================================================================
Received Import Request.
  Time since last request: 1372.117217 seconds.
  path: Assets/Sprites/town full/tiles/interior_36.asset
  artifactKey: Guid(9e92e147827847d4d86eeb0cd653d5be) Importer(815301076,1909f56bfc062723c751e8b465ee728b)
Start importing Assets/Sprites/town full/tiles/interior_36.asset using Guid(9e92e147827847d4d86eeb0cd653d5be) Importer(815301076,1909f56bfc062723c751e8b465ee728b)  -> (artifact id: 'a7d448c8ce8a499811d67c7f25550a8f') in 0.029804 seconds 
========================================================================
Received Import Request.
  Time since last request: 0.000037 seconds.
  path: Assets/Sprites/town full/tiles/interior_695.asset
  artifactKey: Guid(b872c45ce0e532749a6ae95330c712b4) Importer(815301076,1909f56bfc062723c751e8b465ee728b)
Start importing Assets/Sprites/town full/tiles/interior_695.asset using Guid(b872c45ce0e532749a6ae95330c712b4) Importer(815301076,1909f56bfc062723c751e8b465ee728b)  -> (artifact id: '6b03ad0afe69357302a0316975fe7017') in 0.015866 seconds 
========================================================================
Received Import Request.
  Time since last request: 0.000023 seconds.
  path: Assets/Sprites/town full/tiles/interior_804.asset
  artifactKey: Guid(9c7e7319ab30ac04188b5ffeffbaf669) Importer(815301076,1909f56bfc062723c751e8b465ee728b)
Start importing Assets/Sprites/town full/tiles/interior_804.asset using Guid(9c7e7319ab30ac04188b5ffeffbaf669) Importer(815301076,1909f56bfc062723c751e8b465ee728b)  -> (artifact id: '9ef3e79fd56b5f96aa009cc778217d39') in 0.018438 seconds 
========================================================================
Received Import Request.
  Time since last request: 54.257984 seconds.
  path: Assets/Sprites/town full/tiles/Level Tiles.prefab
  artifactKey: Guid(1d4cc7309e7ca5d47ab999048ddf4f20) Importer(815301076,1909f56bfc062723c751e8b465ee728b)
Start importing Assets/Sprites/town full/tiles/Level Tiles.prefab using Guid(1d4cc7309e7ca5d47ab999048ddf4f20) Importer(815301076,1909f56bfc062723c751e8b465ee728b)  -> (artifact id: '51146f16115d12e45691e24b7cb44000') in 0.023254 seconds 
Editor requested this worker to shutdown with reason: Scaling down because of idle timeout
AssetImportWorker is now disconnected from the server
Process exiting
Exiting without the bug reporter. Application will terminate with return code 0