Using pre-set license
Built from '2021.3/staging' branch; Version is '2021.3.2f1 (d6360bedb9a0) revision 14038539'; Using compiler version '192829333'; Build Type 'Release'
OS: 'Windows 10  (10.0.19045) 64bit Professional' Language: 'en' Physical Memory: 16311 MB
BatchMode: 1, IsHumanControllingUs: 0, StartBugReporterOnCrash: 0, Is64bit: 1, IsPro: 1

COMMAND LINE ARGUMENTS:
F:\Program Files (x86)\Unity\2021.3.2f1\Editor\Unity.exe
-adb2
-batchMode
-noUpm
-name
AssetImportWorker11
-projectPath
F:/Users/Public/Documents/Unity Projects/IVO-HENRIQUES_BSG-TASK/IVO HENRIQUES_BGS TASK/IVO HENRIQUES_BGS TASK
-logFile
Logs/AssetImportWorker11.log
-srvPort
53799
Successfully changed project path to: F:/Users/Public/Documents/Unity Projects/IVO-HENRIQUES_BSG-TASK/IVO HENRIQUES_BGS TASK/IVO HENRIQUES_BGS TASK
F:/Users/Public/Documents/Unity Projects/IVO-HENRIQUES_BSG-TASK/IVO HENRIQUES_BGS TASK/IVO HENRIQUES_BGS TASK
[UnityMemory] Configuration Parameters - Can be set up in boot.config
    "memorysetup-bucket-allocator-granularity=16"
    "memorysetup-bucket-allocator-bucket-count=8"
    "memorysetup-bucket-allocator-block-size=33554432"
    "memorysetup-bucket-allocator-block-count=8"
    "memorysetup-main-allocator-block-size=16777216"
    "memorysetup-thread-allocator-block-size=16777216"
    "memorysetup-gfx-main-allocator-block-size=16777216"
    "memorysetup-gfx-thread-allocator-block-size=16777216"
    "memorysetup-cache-allocator-block-size=4194304"
    "memorysetup-typetree-allocator-block-size=2097152"
    "memorysetup-profiler-bucket-allocator-granularity=16"
    "memorysetup-profiler-bucket-allocator-bucket-count=8"
    "memorysetup-profiler-bucket-allocator-block-size=33554432"
    "memorysetup-profiler-bucket-allocator-block-count=8"
    "memorysetup-profiler-allocator-block-size=16777216"
    "memorysetup-profiler-editor-allocator-block-size=1048576"
    "memorysetup-temp-allocator-size-main=16777216"
    "memorysetup-job-temp-allocator-block-size=2097152"
    "memorysetup-job-temp-allocator-block-size-background=1048576"
    "memorysetup-job-temp-allocator-reduction-small-platforms=262144"
    "memorysetup-temp-allocator-size-background-worker=32768"
    "memorysetup-temp-allocator-size-job-worker=262144"
    "memorysetup-temp-allocator-size-preload-manager=33554432"
    "memorysetup-temp-allocator-size-nav-mesh-worker=65536"
    "memorysetup-temp-allocator-size-audio-worker=65536"
    "memorysetup-temp-allocator-size-cloud-worker=32768"
    "memorysetup-temp-allocator-size-gi-baking-worker=262144"
    "memorysetup-temp-allocator-size-gfx=262144"
Refreshing native plugins compatible for Editor in 108.30 ms, found 4 plugins.
Preloading 0 native plugins for Editor in 0.00 ms.
Initialize engine version: 2021.3.2f1 (d6360bedb9a0)
[Subsystems] Discovering subsystems at path F:/Program Files (x86)/Unity/2021.3.2f1/Editor/Data/Resources/UnitySubsystems
[Subsystems] Discovering subsystems at path F:/Users/Public/Documents/Unity Projects/IVO-HENRIQUES_BSG-TASK/IVO HENRIQUES_BGS TASK/IVO HENRIQUES_BGS TASK/Assets
GfxDevice: creating device client; threaded=0; jobified=0
Direct3D:
    Version:  Direct3D 11.0 [level 11.1]
    Renderer: NVIDIA GeForce GTX 1050 Ti (ID=0x1c82)
    Vendor:   NVIDIA
    VRAM:     4017 MB
    Driver:   31.0.15.3623
Initialize mono
Mono path[0] = 'F:/Program Files (x86)/Unity/2021.3.2f1/Editor/Data/Managed'
Mono path[1] = 'F:/Program Files (x86)/Unity/2021.3.2f1/Editor/Data/MonoBleedingEdge/lib/mono/unityjit-win32'
Mono config path = 'F:/Program Files (x86)/Unity/2021.3.2f1/Editor/Data/MonoBleedingEdge/etc'
Using monoOptions --debugger-agent=transport=dt_socket,embedding=1,server=y,suspend=n,address=127.0.0.1:56044
Begin MonoManager ReloadAssembly
Registering precompiled unity dll's ...
Register platform support module: F:/Program Files (x86)/Unity/2021.3.2f1/Editor/Data/PlaybackEngines/AndroidPlayer/UnityEditor.Android.Extensions.dll
Register platform support module: F:/Program Files (x86)/Unity/2021.3.2f1/Editor/Data/PlaybackEngines/iOSSupport/UnityEditor.iOS.Extensions.dll
Register platform support module: F:/Program Files (x86)/Unity/2021.3.2f1/Editor/Data/PlaybackEngines/WindowsStandaloneSupport/UnityEditor.WindowsStandalone.Extensions.dll
Registered in 0.003178 seconds.
Native extension for WindowsStandalone target not found
[usbmuxd] Start listen thread
[usbmuxd] Listen thread started
Native extension for iOS target not found
Native extension for Android target not found
Refreshing native plugins compatible for Editor in 89.76 ms, found 4 plugins.
Preloading 0 native plugins for Editor in 0.00 ms.
Mono: successfully reloaded assembly
- Completed reload, in  0.539 seconds
Domain Reload Profiling:
	ReloadAssembly (539ms)
		BeginReloadAssembly (57ms)
			ExecutionOrderSort (0ms)
			DisableScriptedObjects (0ms)
			BackupInstance (0ms)
			ReleaseScriptingObjects (0ms)
			CreateAndSetChildDomain (1ms)
		EndReloadAssembly (401ms)
			LoadAssemblies (57ms)
			RebuildTransferFunctionScriptingTraits (0ms)
			SetupTypeCache (88ms)
			ReleaseScriptCaches (0ms)
			RebuildScriptCaches (22ms)
			SetupLoadedEditorAssemblies (253ms)
				LogAssemblyErrors (0ms)
				InitializePlatformSupportModulesInManaged (50ms)
				SetLoadedEditorAssemblies (0ms)
				RefreshPlugins (90ms)
				BeforeProcessingInitializeOnLoad (1ms)
				ProcessInitializeOnLoadAttributes (78ms)
				ProcessInitializeOnLoadMethodAttributes (34ms)
				AfterProcessingInitializeOnLoad (0ms)
				EditorAssembliesLoaded (0ms)
			ExecutionOrderSort2 (0ms)
			AwakeInstancesAfterBackupRestoration (0ms)
Platform modules already initialized, skipping
Registering precompiled user dll's ...
Registered in 0.004463 seconds.
Begin MonoManager ReloadAssembly
Symbol file LoadedFromMemory doesn't match image F:\Users\Public\Documents\Unity Projects\IVO-HENRIQUES_BSG-TASK\IVO HENRIQUES_BGS TASK\IVO HENRIQUES_BGS TASK\Library\PackageCache\com.unity.visualscripting@1.7.6\Editor\VisualScripting.Core\Dependencies\YamlDotNet\Unity.VisualScripting.YamlDotNet.dll
Symbol file LoadedFromMemory doesn't match image F:\Users\Public\Documents\Unity Projects\IVO-HENRIQUES_BSG-TASK\IVO HENRIQUES_BGS TASK\IVO HENRIQUES_BGS TASK\Library\PackageCache\com.unity.visualscripting@1.7.6\Editor\VisualScripting.Core\Dependencies\DotNetZip\Unity.VisualScripting.IonicZip.dll
Native extension for WindowsStandalone target not found
Native extension for iOS target not found
Native extension for Android target not found
Refreshing native plugins compatible for Editor in 88.17 ms, found 4 plugins.
Preloading 0 native plugins for Editor in 0.00 ms.
Mono: successfully reloaded assembly
- Completed reload, in  1.035 seconds
Domain Reload Profiling:
	ReloadAssembly (1036ms)
		BeginReloadAssembly (201ms)
			ExecutionOrderSort (0ms)
			DisableScriptedObjects (5ms)
			BackupInstance (0ms)
			ReleaseScriptingObjects (0ms)
			CreateAndSetChildDomain (131ms)
		EndReloadAssembly (746ms)
			LoadAssemblies (64ms)
			RebuildTransferFunctionScriptingTraits (0ms)
			SetupTypeCache (195ms)
			ReleaseScriptCaches (1ms)
			RebuildScriptCaches (46ms)
			SetupLoadedEditorAssemblies (405ms)
				LogAssemblyErrors (0ms)
				InitializePlatformSupportModulesInManaged (16ms)
				SetLoadedEditorAssemblies (0ms)
				RefreshPlugins (88ms)
				BeforeProcessingInitializeOnLoad (80ms)
				ProcessInitializeOnLoadAttributes (187ms)
				ProcessInitializeOnLoadMethodAttributes (32ms)
				AfterProcessingInitializeOnLoad (3ms)
				EditorAssembliesLoaded (0ms)
			ExecutionOrderSort2 (0ms)
			AwakeInstancesAfterBackupRestoration (4ms)
Platform modules already initialized, skipping
========================================================================
Worker process is ready to serve import requests
Launched and connected shader compiler UnityShaderCompiler.exe after 0.03 seconds
Refreshing native plugins compatible for Editor in 0.96 ms, found 4 plugins.
Preloading 0 native plugins for Editor in 0.00 ms.
Unloading 4048 Unused Serialized files (Serialized files now loaded: 0)
Unloading 37 unused Assets / (55.6 KB). Loaded Objects now: 4506.
Memory consumption went from 152.6 MB to 152.6 MB.
Total: 3.145500 ms (FindLiveObjects: 0.373400 ms CreateObjectMapping: 0.123000 ms MarkObjects: 2.576700 ms  DeleteObjects: 0.071200 ms)

AssetImportParameters requested are different than current active one (requested -> active):
  custom:video-decoder-ogg-theora: a1e56fd34408186e4bbccfd4996cb3dc -> 
  custom:container-muxer-webm: aa71ff27fc2769a1b78a27578f13a17b -> 
  custom:container-demuxer-webm: 4f35f7cbe854078d1ac9338744f61a02 -> 
  custom:video-encoder-webm-vp8: eb34c28f22e8b96e1ab97ce403110664 -> 
  custom:video-codec-MediaFoundation-h265: 746d11721c4dcdbdad8f713fa42b33f4 -> 
  custom:audio-encoder-webm-vorbis: bf7c407c2cedff20999df2af8eb42d56 -> 
  custom:framework-win-MediaFoundation: 216162199b28c13a410421893ffa2e32 -> 
  custom:container-demuxer-ogg: 62fdf1f143b41e24485cea50d1cbac27 -> 
  custom:video-decoder-webm-vp8: 9c59270c3fd7afecdb556c50c9e8de78 -> 
  custom:audio-decoder-ogg-vorbis: bf7c407c2cedff20999df2af8eb42d56 -> 
========================================================================
Received Import Request.
  Time since last request: 519504.708962 seconds.
  path: Assets/Sprites/Character v.2/acc/earring_emerald_silver.png
  artifactKey: Guid(5dca47b14e454654d9125f0bd20c57e9) Importer(815301076,1909f56bfc062723c751e8b465ee728b)
Start importing Assets/Sprites/Character v.2/acc/earring_emerald_silver.png using Guid(5dca47b14e454654d9125f0bd20c57e9) Importer(815301076,1909f56bfc062723c751e8b465ee728b)  -> (artifact id: '852a23e31aa08ca8115fa69f1664eff2') in 0.144094 seconds 
========================================================================
Received Import Request.
  Time since last request: 0.000025 seconds.
  path: Assets/Sprites/Character v.2/acc/hat_lucky.png
  artifactKey: Guid(1076b969846c9b84d9bae240d40e263e) Importer(815301076,1909f56bfc062723c751e8b465ee728b)
Start importing Assets/Sprites/Character v.2/acc/hat_lucky.png using Guid(1076b969846c9b84d9bae240d40e263e) Importer(815301076,1909f56bfc062723c751e8b465ee728b)  -> (artifact id: '407477a827f50ef12a4b91e1bb70a6fa') in 0.030454 seconds 
========================================================================
Received Import Request.
  Time since last request: 0.000026 seconds.
  path: Assets/Sprites/Character v.2/acc/mask_clown_red.png
  artifactKey: Guid(d4c7b8a08b7986a479ebe72291c1aec7) Importer(815301076,1909f56bfc062723c751e8b465ee728b)
Start importing Assets/Sprites/Character v.2/acc/mask_clown_red.png using Guid(d4c7b8a08b7986a479ebe72291c1aec7) Importer(815301076,1909f56bfc062723c751e8b465ee728b)  -> (artifact id: 'f39654f9fb40e2b6a294d7d8a62c879c') in 0.039361 seconds 
========================================================================
Received Import Request.
  Time since last request: 0.000025 seconds.
  path: Assets/Sprites/Character v.2/acc/earring_red_silver.png
  artifactKey: Guid(b236d408848fc7f48b4cebdf24322a4a) Importer(815301076,1909f56bfc062723c751e8b465ee728b)
Start importing Assets/Sprites/Character v.2/acc/earring_red_silver.png using Guid(b236d408848fc7f48b4cebdf24322a4a) Importer(815301076,1909f56bfc062723c751e8b465ee728b)  -> (artifact id: 'c2e3756bb08f7f7ace1cf744af855e3b') in 0.028578 seconds 
========================================================================
Received Import Request.
  Time since last request: 2.865953 seconds.
  path: Assets/Sprites/Character v.2/characters/char3.png
  artifactKey: Guid(7be39a5ca5a39b24586f5dfcd2ecae83) Importer(815301076,1909f56bfc062723c751e8b465ee728b)
Start importing Assets/Sprites/Character v.2/characters/char3.png using Guid(7be39a5ca5a39b24586f5dfcd2ecae83) Importer(815301076,1909f56bfc062723c751e8b465ee728b)  -> (artifact id: 'ed0324a364e03bb70569ffcb1c15a74e') in 0.032673 seconds 
========================================================================
Received Import Request.
  Time since last request: 0.000019 seconds.
  path: Assets/Sprites/Character v.2/characters/char6.png
  artifactKey: Guid(c17dd3f92befccc4ab918dd19193994f) Importer(815301076,1909f56bfc062723c751e8b465ee728b)
Start importing Assets/Sprites/Character v.2/characters/char6.png using Guid(c17dd3f92befccc4ab918dd19193994f) Importer(815301076,1909f56bfc062723c751e8b465ee728b)  -> (artifact id: '7a301f0191164d730701cb9d9d9ffbbc') in 0.036287 seconds 
========================================================================
Received Import Request.
  Time since last request: 0.000033 seconds.
  path: Assets/Sprites/Character v.2/characters/char8.png
  artifactKey: Guid(c04b7540aab4fa449899648a9911cee0) Importer(815301076,1909f56bfc062723c751e8b465ee728b)
Start importing Assets/Sprites/Character v.2/characters/char8.png using Guid(c04b7540aab4fa449899648a9911cee0) Importer(815301076,1909f56bfc062723c751e8b465ee728b)  -> (artifact id: '7b4765ad775405c26c769e4d68a2ea39') in 0.030849 seconds 
========================================================================
Received Import Request.
  Time since last request: 148.462173 seconds.
  path: Assets/Sprites/Character v.2/clothes/clown.png
  artifactKey: Guid(282395a4c36b8da43a9a739d078c372f) Importer(815301076,1909f56bfc062723c751e8b465ee728b)
Start importing Assets/Sprites/Character v.2/clothes/clown.png using Guid(282395a4c36b8da43a9a739d078c372f) Importer(815301076,1909f56bfc062723c751e8b465ee728b)  -> (artifact id: 'abe2c81285356ea310ee2a1922d7f614') in 0.063854 seconds 
========================================================================
Received Import Request.
  Time since last request: 0.000022 seconds.
  path: Assets/Sprites/Character v.2/clothes/pants_suit.png
  artifactKey: Guid(12fce47527f6671469678ea7c4fd8845) Importer(815301076,1909f56bfc062723c751e8b465ee728b)
Start importing Assets/Sprites/Character v.2/clothes/pants_suit.png using Guid(12fce47527f6671469678ea7c4fd8845) Importer(815301076,1909f56bfc062723c751e8b465ee728b)  -> (artifact id: 'b4ccf5510ff9b22cf4bf272586a5d84c') in 0.303380 seconds 
========================================================================
Received Import Request.
  Time since last request: 0.000023 seconds.
  path: Assets/Sprites/Character v.2/clothes/stripe.png
  artifactKey: Guid(69b63226f4e1f25449e40dac43e7fce2) Importer(815301076,1909f56bfc062723c751e8b465ee728b)
Start importing Assets/Sprites/Character v.2/clothes/stripe.png using Guid(69b63226f4e1f25449e40dac43e7fce2) Importer(815301076,1909f56bfc062723c751e8b465ee728b)  -> (artifact id: '8af867a3a38a2dc317e426d72a19d52c') in 0.194657 seconds 
========================================================================
Received Import Request.
  Time since last request: 0.000018 seconds.
  path: Assets/Sprites/Character v.2/eyes/lipstick .png
  artifactKey: Guid(010f7ba56e9de064cb4d660bbf14bfac) Importer(815301076,1909f56bfc062723c751e8b465ee728b)
Start importing Assets/Sprites/Character v.2/eyes/lipstick .png using Guid(010f7ba56e9de064cb4d660bbf14bfac) Importer(815301076,1909f56bfc062723c751e8b465ee728b)  -> (artifact id: 'b94cc2d4159c5e72c003b1f931220d8f') in 0.103669 seconds 
========================================================================
Received Import Request.
  Time since last request: 0.000028 seconds.
  path: Assets/Sprites/Character v.2/clothes/floral.png
  artifactKey: Guid(4da78dd30b7a23f40bce95d5ff4cac36) Importer(815301076,1909f56bfc062723c751e8b465ee728b)
Start importing Assets/Sprites/Character v.2/clothes/floral.png using Guid(4da78dd30b7a23f40bce95d5ff4cac36) Importer(815301076,1909f56bfc062723c751e8b465ee728b)  -> (artifact id: '4e99fd4607e04ed9a6ce53f268c030bc') in 0.127543 seconds 
========================================================================
Received Import Request.
  Time since last request: 0.000031 seconds.
  path: Assets/Sprites/Character v.2/clothes/spaghetti.png
  artifactKey: Guid(1328398236bffb548b1e94a2234e98a6) Importer(815301076,1909f56bfc062723c751e8b465ee728b)
Start importing Assets/Sprites/Character v.2/clothes/spaghetti.png using Guid(1328398236bffb548b1e94a2234e98a6) Importer(815301076,1909f56bfc062723c751e8b465ee728b)  -> (artifact id: '5de02db50a4494fca546c7d3d538b13b') in 0.122264 seconds 
========================================================================
Received Import Request.
  Time since last request: 0.000017 seconds.
  path: Assets/Sprites/Character v.2/clothes/shoes.png
  artifactKey: Guid(b1f6e7547301811429c6ae5507e3dfef) Importer(815301076,1909f56bfc062723c751e8b465ee728b)
Start importing Assets/Sprites/Character v.2/clothes/shoes.png using Guid(b1f6e7547301811429c6ae5507e3dfef) Importer(815301076,1909f56bfc062723c751e8b465ee728b)  -> (artifact id: '98f7e1ebe2a57937790ec0b5cc8d0404') in 0.118907 seconds 
========================================================================
Received Import Request.
  Time since last request: 0.000025 seconds.
  path: Assets/Sprites/Character v.2/clothes/pants.png
  artifactKey: Guid(a17ebbc71322ac3498b6adce905e2c02) Importer(815301076,1909f56bfc062723c751e8b465ee728b)
Start importing Assets/Sprites/Character v.2/clothes/pants.png using Guid(a17ebbc71322ac3498b6adce905e2c02) Importer(815301076,1909f56bfc062723c751e8b465ee728b)  -> (artifact id: '82bc620363aef59adb31a6021a6e0356') in 0.123826 seconds 
========================================================================
Received Import Request.
  Time since last request: 0.000027 seconds.
  path: Assets/Sprites/Character v.2/clothes/sailor.png
  artifactKey: Guid(5f627e1ff7cc0694aab99e5ea13a0cf4) Importer(815301076,1909f56bfc062723c751e8b465ee728b)
Start importing Assets/Sprites/Character v.2/clothes/sailor.png using Guid(5f627e1ff7cc0694aab99e5ea13a0cf4) Importer(815301076,1909f56bfc062723c751e8b465ee728b)  -> (artifact id: '50bbf8a5da814f6990ffeba9c4462782') in 0.126219 seconds 
========================================================================
Received Import Request.
  Time since last request: 0.000019 seconds.
  path: Assets/Sprites/Character v.2/clothes/pumpkin.png
  artifactKey: Guid(1ba2ac02c44fda34e881ad5aeaa1b76a) Importer(815301076,1909f56bfc062723c751e8b465ee728b)
Start importing Assets/Sprites/Character v.2/clothes/pumpkin.png using Guid(1ba2ac02c44fda34e881ad5aeaa1b76a) Importer(815301076,1909f56bfc062723c751e8b465ee728b)  -> (artifact id: '14510ba3e1b2199789a4c5d0fe190d5d') in 0.048720 seconds 
========================================================================
Received Import Request.
  Time since last request: 0.000024 seconds.
  path: Assets/Sprites/Character v.2/clothes/overalls.png
  artifactKey: Guid(e5ce75cb14498a3478958780cd2e4e37) Importer(815301076,1909f56bfc062723c751e8b465ee728b)
Start importing Assets/Sprites/Character v.2/clothes/overalls.png using Guid(e5ce75cb14498a3478958780cd2e4e37) Importer(815301076,1909f56bfc062723c751e8b465ee728b)  -> (artifact id: '94d1349c18403bab1678669fe50214b7') in 0.129833 seconds 
Editor requested this worker to shutdown with reason: Scaling down because of idle timeout
AssetImportWorker is now disconnected from the server
Process exiting
Exiting without the bug reporter. Application will terminate with return code 0