Using pre-set license
Built from '2021.3/staging' branch; Version is '2021.3.2f1 (d6360bedb9a0) revision 14038539'; Using compiler version '192829333'; Build Type 'Release'
OS: 'Windows 10  (10.0.19045) 64bit Professional' Language: 'en' Physical Memory: 16311 MB
BatchMode: 1, IsHumanControllingUs: 0, StartBugReporterOnCrash: 0, Is64bit: 1, IsPro: 1

COMMAND LINE ARGUMENTS:
F:\Program Files (x86)\Unity\2021.3.2f1\Editor\Unity.exe
-adb2
-batchMode
-noUpm
-name
AssetImportWorker15
-projectPath
F:/Users/Public/Documents/Unity Projects/IVO-HENRIQUES_BSG-TASK/IVO HENRIQUES_BGS TASK/IVO HENRIQUES_BGS TASK
-logFile
Logs/AssetImportWorker15.log
-srvPort
53799
Successfully changed project path to: F:/Users/Public/Documents/Unity Projects/IVO-HENRIQUES_BSG-TASK/IVO HENRIQUES_BGS TASK/IVO HENRIQUES_BGS TASK
F:/Users/Public/Documents/Unity Projects/IVO-HENRIQUES_BSG-TASK/IVO HENRIQUES_BGS TASK/IVO HENRIQUES_BGS TASK
[UnityMemory] Configuration Parameters - Can be set up in boot.config
    "memorysetup-bucket-allocator-granularity=16"
    "memorysetup-bucket-allocator-bucket-count=8"
    "memorysetup-bucket-allocator-block-size=33554432"
    "memorysetup-bucket-allocator-block-count=8"
    "memorysetup-main-allocator-block-size=16777216"
    "memorysetup-thread-allocator-block-size=16777216"
    "memorysetup-gfx-main-allocator-block-size=16777216"
    "memorysetup-gfx-thread-allocator-block-size=16777216"
    "memorysetup-cache-allocator-block-size=4194304"
    "memorysetup-typetree-allocator-block-size=2097152"
    "memorysetup-profiler-bucket-allocator-granularity=16"
    "memorysetup-profiler-bucket-allocator-bucket-count=8"
    "memorysetup-profiler-bucket-allocator-block-size=33554432"
    "memorysetup-profiler-bucket-allocator-block-count=8"
    "memorysetup-profiler-allocator-block-size=16777216"
    "memorysetup-profiler-editor-allocator-block-size=1048576"
    "memorysetup-temp-allocator-size-main=16777216"
    "memorysetup-job-temp-allocator-block-size=2097152"
    "memorysetup-job-temp-allocator-block-size-background=1048576"
    "memorysetup-job-temp-allocator-reduction-small-platforms=262144"
    "memorysetup-temp-allocator-size-background-worker=32768"
    "memorysetup-temp-allocator-size-job-worker=262144"
    "memorysetup-temp-allocator-size-preload-manager=33554432"
    "memorysetup-temp-allocator-size-nav-mesh-worker=65536"
    "memorysetup-temp-allocator-size-audio-worker=65536"
    "memorysetup-temp-allocator-size-cloud-worker=32768"
    "memorysetup-temp-allocator-size-gi-baking-worker=262144"
    "memorysetup-temp-allocator-size-gfx=262144"
Refreshing native plugins compatible for Editor in 97.74 ms, found 4 plugins.
Preloading 0 native plugins for Editor in 0.00 ms.
Initialize engine version: 2021.3.2f1 (d6360bedb9a0)
[Subsystems] Discovering subsystems at path F:/Program Files (x86)/Unity/2021.3.2f1/Editor/Data/Resources/UnitySubsystems
[Subsystems] Discovering subsystems at path F:/Users/Public/Documents/Unity Projects/IVO-HENRIQUES_BSG-TASK/IVO HENRIQUES_BGS TASK/IVO HENRIQUES_BGS TASK/Assets
GfxDevice: creating device client; threaded=0; jobified=0
Direct3D:
    Version:  Direct3D 11.0 [level 11.1]
    Renderer: NVIDIA GeForce GTX 1050 Ti (ID=0x1c82)
    Vendor:   NVIDIA
    VRAM:     4017 MB
    Driver:   31.0.15.3623
Initialize mono
Mono path[0] = 'F:/Program Files (x86)/Unity/2021.3.2f1/Editor/Data/Managed'
Mono path[1] = 'F:/Program Files (x86)/Unity/2021.3.2f1/Editor/Data/MonoBleedingEdge/lib/mono/unityjit-win32'
Mono config path = 'F:/Program Files (x86)/Unity/2021.3.2f1/Editor/Data/MonoBleedingEdge/etc'
Using monoOptions --debugger-agent=transport=dt_socket,embedding=1,server=y,suspend=n,address=127.0.0.1:56684
Begin MonoManager ReloadAssembly
Registering precompiled unity dll's ...
Register platform support module: F:/Program Files (x86)/Unity/2021.3.2f1/Editor/Data/PlaybackEngines/AndroidPlayer/UnityEditor.Android.Extensions.dll
Register platform support module: F:/Program Files (x86)/Unity/2021.3.2f1/Editor/Data/PlaybackEngines/iOSSupport/UnityEditor.iOS.Extensions.dll
Register platform support module: F:/Program Files (x86)/Unity/2021.3.2f1/Editor/Data/PlaybackEngines/WindowsStandaloneSupport/UnityEditor.WindowsStandalone.Extensions.dll
Registered in 0.003212 seconds.
Native extension for WindowsStandalone target not found
[usbmuxd] Start listen thread
[usbmuxd] Listen thread started
Native extension for iOS target not found
Native extension for Android target not found
Refreshing native plugins compatible for Editor in 95.54 ms, found 4 plugins.
Preloading 0 native plugins for Editor in 0.00 ms.
Mono: successfully reloaded assembly
- Completed reload, in  0.556 seconds
Domain Reload Profiling:
	ReloadAssembly (556ms)
		BeginReloadAssembly (59ms)
			ExecutionOrderSort (0ms)
			DisableScriptedObjects (0ms)
			BackupInstance (0ms)
			ReleaseScriptingObjects (0ms)
			CreateAndSetChildDomain (1ms)
		EndReloadAssembly (414ms)
			LoadAssemblies (59ms)
			RebuildTransferFunctionScriptingTraits (0ms)
			SetupTypeCache (90ms)
			ReleaseScriptCaches (0ms)
			RebuildScriptCaches (22ms)
			SetupLoadedEditorAssemblies (262ms)
				LogAssemblyErrors (0ms)
				InitializePlatformSupportModulesInManaged (52ms)
				SetLoadedEditorAssemblies (0ms)
				RefreshPlugins (96ms)
				BeforeProcessingInitializeOnLoad (1ms)
				ProcessInitializeOnLoadAttributes (78ms)
				ProcessInitializeOnLoadMethodAttributes (35ms)
				AfterProcessingInitializeOnLoad (0ms)
				EditorAssembliesLoaded (0ms)
			ExecutionOrderSort2 (0ms)
			AwakeInstancesAfterBackupRestoration (0ms)
Platform modules already initialized, skipping
Registering precompiled user dll's ...
Registered in 0.004749 seconds.
Begin MonoManager ReloadAssembly
Symbol file LoadedFromMemory doesn't match image F:\Users\Public\Documents\Unity Projects\IVO-HENRIQUES_BSG-TASK\IVO HENRIQUES_BGS TASK\IVO HENRIQUES_BGS TASK\Library\PackageCache\com.unity.visualscripting@1.7.6\Editor\VisualScripting.Core\Dependencies\YamlDotNet\Unity.VisualScripting.YamlDotNet.dll
Symbol file LoadedFromMemory doesn't match image F:\Users\Public\Documents\Unity Projects\IVO-HENRIQUES_BSG-TASK\IVO HENRIQUES_BGS TASK\IVO HENRIQUES_BGS TASK\Library\PackageCache\com.unity.visualscripting@1.7.6\Editor\VisualScripting.Core\Dependencies\DotNetZip\Unity.VisualScripting.IonicZip.dll
Native extension for WindowsStandalone target not found
Native extension for iOS target not found
Native extension for Android target not found
Refreshing native plugins compatible for Editor in 107.34 ms, found 4 plugins.
Preloading 0 native plugins for Editor in 0.00 ms.
Mono: successfully reloaded assembly
- Completed reload, in  1.109 seconds
Domain Reload Profiling:
	ReloadAssembly (1110ms)
		BeginReloadAssembly (196ms)
			ExecutionOrderSort (0ms)
			DisableScriptedObjects (5ms)
			BackupInstance (0ms)
			ReleaseScriptingObjects (0ms)
			CreateAndSetChildDomain (122ms)
		EndReloadAssembly (823ms)
			LoadAssemblies (66ms)
			RebuildTransferFunctionScriptingTraits (0ms)
			SetupTypeCache (214ms)
			ReleaseScriptCaches (1ms)
			RebuildScriptCaches (54ms)
			SetupLoadedEditorAssemblies (447ms)
				LogAssemblyErrors (0ms)
				InitializePlatformSupportModulesInManaged (20ms)
				SetLoadedEditorAssemblies (0ms)
				RefreshPlugins (107ms)
				BeforeProcessingInitializeOnLoad (86ms)
				ProcessInitializeOnLoadAttributes (200ms)
				ProcessInitializeOnLoadMethodAttributes (31ms)
				AfterProcessingInitializeOnLoad (3ms)
				EditorAssembliesLoaded (0ms)
			ExecutionOrderSort2 (0ms)
			AwakeInstancesAfterBackupRestoration (4ms)
Platform modules already initialized, skipping
========================================================================
Worker process is ready to serve import requests
Launched and connected shader compiler UnityShaderCompiler.exe after 0.05 seconds
Refreshing native plugins compatible for Editor in 1.11 ms, found 4 plugins.
Preloading 0 native plugins for Editor in 0.00 ms.
Unloading 4048 Unused Serialized files (Serialized files now loaded: 0)
Unloading 37 unused Assets / (55.6 KB). Loaded Objects now: 4506.
Memory consumption went from 152.6 MB to 152.6 MB.
Total: 3.050700 ms (FindLiveObjects: 0.340200 ms CreateObjectMapping: 0.100700 ms MarkObjects: 2.543600 ms  DeleteObjects: 0.065000 ms)

AssetImportParameters requested are different than current active one (requested -> active):
  custom:video-decoder-ogg-theora: a1e56fd34408186e4bbccfd4996cb3dc -> 
  custom:container-muxer-webm: aa71ff27fc2769a1b78a27578f13a17b -> 
  custom:container-demuxer-webm: 4f35f7cbe854078d1ac9338744f61a02 -> 
  custom:video-encoder-webm-vp8: eb34c28f22e8b96e1ab97ce403110664 -> 
  custom:video-codec-MediaFoundation-h265: 746d11721c4dcdbdad8f713fa42b33f4 -> 
  custom:audio-encoder-webm-vorbis: bf7c407c2cedff20999df2af8eb42d56 -> 
  custom:framework-win-MediaFoundation: 216162199b28c13a410421893ffa2e32 -> 
  custom:container-demuxer-ogg: 62fdf1f143b41e24485cea50d1cbac27 -> 
  custom:video-decoder-webm-vp8: 9c59270c3fd7afecdb556c50c9e8de78 -> 
  custom:audio-decoder-ogg-vorbis: bf7c407c2cedff20999df2af8eb42d56 -> 
========================================================================
Received Import Request.
  Time since last request: 520042.491620 seconds.
  path: Assets/Sprites/town full/tiles/Level Tiles.prefab
  artifactKey: Guid(1d4cc7309e7ca5d47ab999048ddf4f20) Importer(815301076,1909f56bfc062723c751e8b465ee728b)
Start importing Assets/Sprites/town full/tiles/Level Tiles.prefab using Guid(1d4cc7309e7ca5d47ab999048ddf4f20) Importer(815301076,1909f56bfc062723c751e8b465ee728b)  -> (artifact id: '1373a4a51e28cfdcb294849938bd3fe0') in 0.228081 seconds 
========================================================================
Received Import Request.
  Time since last request: 25.325039 seconds.
  path: Assets/Sprites/town full/tiles/Level Tiles.prefab
  artifactKey: Guid(1d4cc7309e7ca5d47ab999048ddf4f20) Importer(815301076,1909f56bfc062723c751e8b465ee728b)
Start importing Assets/Sprites/town full/tiles/Level Tiles.prefab using Guid(1d4cc7309e7ca5d47ab999048ddf4f20) Importer(815301076,1909f56bfc062723c751e8b465ee728b)  -> (artifact id: 'efc686e793efdca9507fa8b0102b0a42') in 0.011315 seconds 
========================================================================
Received Import Request.
  Time since last request: 16.959916 seconds.
  path: Assets/Sprites/town full/tiles/Level Tiles.prefab
  artifactKey: Guid(1d4cc7309e7ca5d47ab999048ddf4f20) Importer(815301076,1909f56bfc062723c751e8b465ee728b)
Start importing Assets/Sprites/town full/tiles/Level Tiles.prefab using Guid(1d4cc7309e7ca5d47ab999048ddf4f20) Importer(815301076,1909f56bfc062723c751e8b465ee728b)  -> (artifact id: 'd7f204f235b5b20ce26adae0ecd9a4e3') in 0.008633 seconds 
========================================================================
Received Import Request.
  Time since last request: 13.012172 seconds.
  path: Assets/Sprites/town full/tiles/tiles.png
  artifactKey: Guid(c847a8537f281884a826df318238a51c) Importer(815301076,1909f56bfc062723c751e8b465ee728b)
Start importing Assets/Sprites/town full/tiles/tiles.png using Guid(c847a8537f281884a826df318238a51c) Importer(815301076,1909f56bfc062723c751e8b465ee728b)  -> (artifact id: 'a81015291f836b49ec6c4406591ac7e2') in 0.038972 seconds 
========================================================================
Received Import Request.
  Time since last request: 57.859321 seconds.
  path: Assets/Sprites/town full/tiles/tiles.png
  artifactKey: Guid(c847a8537f281884a826df318238a51c) Importer(815301076,1909f56bfc062723c751e8b465ee728b)
Start importing Assets/Sprites/town full/tiles/tiles.png using Guid(c847a8537f281884a826df318238a51c) Importer(815301076,1909f56bfc062723c751e8b465ee728b)  -> (artifact id: '9d27b92ba9f47a4762d4eba519130df0') in 0.308294 seconds 
========================================================================
Received Import Request.
  Time since last request: 35.293457 seconds.
  path: Assets/Sprites/town full/tiles/Level Tiles.prefab
  artifactKey: Guid(1d4cc7309e7ca5d47ab999048ddf4f20) Importer(815301076,1909f56bfc062723c751e8b465ee728b)
Start importing Assets/Sprites/town full/tiles/Level Tiles.prefab using Guid(1d4cc7309e7ca5d47ab999048ddf4f20) Importer(815301076,1909f56bfc062723c751e8b465ee728b)  -> (artifact id: '2119d0ac2a7f8804069ff2a39a993d52') in 0.011290 seconds 
========================================================================
Received Import Request.
  Time since last request: 9.817194 seconds.
  path: Assets/Sprites/town full/tiles/Level Tiles.prefab
  artifactKey: Guid(1d4cc7309e7ca5d47ab999048ddf4f20) Importer(815301076,1909f56bfc062723c751e8b465ee728b)
Start importing Assets/Sprites/town full/tiles/Level Tiles.prefab using Guid(1d4cc7309e7ca5d47ab999048ddf4f20) Importer(815301076,1909f56bfc062723c751e8b465ee728b)  -> (artifact id: 'dfda6a4a5dcad2993197c29bf53fab25') in 0.007314 seconds 
========================================================================
Received Import Request.
  Time since last request: 75.397403 seconds.
  path: Assets/Sprites/town full/tiles/tiles.png
  artifactKey: Guid(c847a8537f281884a826df318238a51c) Importer(815301076,1909f56bfc062723c751e8b465ee728b)
Start importing Assets/Sprites/town full/tiles/tiles.png using Guid(c847a8537f281884a826df318238a51c) Importer(815301076,1909f56bfc062723c751e8b465ee728b)  -> (artifact id: '4afd6026d408fe24294336ee8550b327') in 0.280033 seconds 
========================================================================
Received Import Request.
  Time since last request: 19.033068 seconds.
  path: Assets/Sprites/town full/tiles/tiles.png
  artifactKey: Guid(c847a8537f281884a826df318238a51c) Importer(815301076,1909f56bfc062723c751e8b465ee728b)
Start importing Assets/Sprites/town full/tiles/tiles.png using Guid(c847a8537f281884a826df318238a51c) Importer(815301076,1909f56bfc062723c751e8b465ee728b)  -> (artifact id: '9e8a02bff88d1d15d981c9e4e20bd767') in 0.268269 seconds 
========================================================================
Received Import Request.
  Time since last request: 56.023292 seconds.
  path: Assets/Sprites/town full/tiles/tiles.png
  artifactKey: Guid(c847a8537f281884a826df318238a51c) Importer(815301076,1909f56bfc062723c751e8b465ee728b)
Start importing Assets/Sprites/town full/tiles/tiles.png using Guid(c847a8537f281884a826df318238a51c) Importer(815301076,1909f56bfc062723c751e8b465ee728b)  -> (artifact id: '3f25abf6d7f9d397d873bc29344a7ec2') in 0.255812 seconds 
========================================================================
Received Import Request.
  Time since last request: 7.607402 seconds.
  path: Assets/Sprites/town full/tiles/tiles.png
  artifactKey: Guid(c847a8537f281884a826df318238a51c) Importer(815301076,1909f56bfc062723c751e8b465ee728b)
Start importing Assets/Sprites/town full/tiles/tiles.png using Guid(c847a8537f281884a826df318238a51c) Importer(815301076,1909f56bfc062723c751e8b465ee728b)  -> (artifact id: '2c61fbd709d9c8660e9863e26c2a70a9') in 0.276194 seconds 
========================================================================
Received Import Request.
  Time since last request: 8.172478 seconds.
  path: Assets/Sprites/town full/tiles/tiles.png
  artifactKey: Guid(c847a8537f281884a826df318238a51c) Importer(815301076,1909f56bfc062723c751e8b465ee728b)
Start importing Assets/Sprites/town full/tiles/tiles.png using Guid(c847a8537f281884a826df318238a51c) Importer(815301076,1909f56bfc062723c751e8b465ee728b)  -> (artifact id: 'd459ec2d47c9a28327d40583f2a2f2f7') in 0.240621 seconds 
========================================================================
Received Import Request.
  Time since last request: 15.424058 seconds.
  path: Assets/Sprites/town full/tiles/tiles.png
  artifactKey: Guid(c847a8537f281884a826df318238a51c) Importer(815301076,1909f56bfc062723c751e8b465ee728b)
Start importing Assets/Sprites/town full/tiles/tiles.png using Guid(c847a8537f281884a826df318238a51c) Importer(815301076,1909f56bfc062723c751e8b465ee728b)  -> (artifact id: 'fb37ae592ecfaf391762ece5d825bba2') in 0.238194 seconds 
========================================================================
Received Import Request.
  Time since last request: 9.774970 seconds.
  path: Assets/Sprites/town full/tiles/tiles.png
  artifactKey: Guid(c847a8537f281884a826df318238a51c) Importer(815301076,1909f56bfc062723c751e8b465ee728b)
Start importing Assets/Sprites/town full/tiles/tiles.png using Guid(c847a8537f281884a826df318238a51c) Importer(815301076,1909f56bfc062723c751e8b465ee728b)  -> (artifact id: '386879f7b36cfb0a735b5e7a3e1ffa81') in 0.248804 seconds 
========================================================================
Received Import Request.
  Time since last request: 14.971630 seconds.
  path: Assets/Sprites/town full/tiles/tiles.png
  artifactKey: Guid(c847a8537f281884a826df318238a51c) Importer(815301076,1909f56bfc062723c751e8b465ee728b)
Start importing Assets/Sprites/town full/tiles/tiles.png using Guid(c847a8537f281884a826df318238a51c) Importer(815301076,1909f56bfc062723c751e8b465ee728b)  -> (artifact id: 'd5bf07ef80e4c33bd63f0785b2112349') in 0.245280 seconds 
========================================================================
Received Import Request.
  Time since last request: 19.773113 seconds.
  path: Assets/Sprites/town full/tiles/Level Tiles.prefab
  artifactKey: Guid(1d4cc7309e7ca5d47ab999048ddf4f20) Importer(815301076,1909f56bfc062723c751e8b465ee728b)
Start importing Assets/Sprites/town full/tiles/Level Tiles.prefab using Guid(1d4cc7309e7ca5d47ab999048ddf4f20) Importer(815301076,1909f56bfc062723c751e8b465ee728b)  -> (artifact id: '41bc3a01de90be83fad0d847b151bbdf') in 0.016932 seconds 
========================================================================
Received Import Request.
  Time since last request: 4.385848 seconds.
  path: Assets/Sprites/town full/tiles/tiles_3.asset
  artifactKey: Guid(369b9c5b5d8304a489232d25dfade8e0) Importer(815301076,1909f56bfc062723c751e8b465ee728b)
Start importing Assets/Sprites/town full/tiles/tiles_3.asset using Guid(369b9c5b5d8304a489232d25dfade8e0) Importer(815301076,1909f56bfc062723c751e8b465ee728b)  -> (artifact id: '748c9f313e1ec9a3bea2ab8b15e6800c') in 0.013668 seconds 
========================================================================
Received Import Request.
  Time since last request: 34.931844 seconds.
  path: Assets/Sprites/town full/tiles/tiles.png
  artifactKey: Guid(c847a8537f281884a826df318238a51c) Importer(815301076,1909f56bfc062723c751e8b465ee728b)
Start importing Assets/Sprites/town full/tiles/tiles.png using Guid(c847a8537f281884a826df318238a51c) Importer(815301076,1909f56bfc062723c751e8b465ee728b)  -> (artifact id: 'e086572d630ec31f214924aea7f00a91') in 0.259829 seconds 
========================================================================
Received Import Request.
  Time since last request: 7.058819 seconds.
  path: Assets/Sprites/town full/tiles/tiles.png
  artifactKey: Guid(c847a8537f281884a826df318238a51c) Importer(815301076,1909f56bfc062723c751e8b465ee728b)
Start importing Assets/Sprites/town full/tiles/tiles.png using Guid(c847a8537f281884a826df318238a51c) Importer(815301076,1909f56bfc062723c751e8b465ee728b)  -> (artifact id: 'd8206efdf661f8a6ba3e20a2ec3a6a02') in 0.257379 seconds 
========================================================================
Received Import Request.
  Time since last request: 12.033317 seconds.
  path: Assets/Sprites/town full/tiles/tiles_3.asset
  artifactKey: Guid(369b9c5b5d8304a489232d25dfade8e0) Importer(815301076,1909f56bfc062723c751e8b465ee728b)
Start importing Assets/Sprites/town full/tiles/tiles_3.asset using Guid(369b9c5b5d8304a489232d25dfade8e0) Importer(815301076,1909f56bfc062723c751e8b465ee728b)  -> (artifact id: '16e45b94f80d72570217a4526d751501') in 0.007417 seconds 
========================================================================
Received Import Request.
  Time since last request: 8.558303 seconds.
  path: Assets/Sprites/town full/tiles/tiles_152.asset
  artifactKey: Guid(1d28838f206c13d4a80ad97a1324fb7d) Importer(815301076,1909f56bfc062723c751e8b465ee728b)
Start importing Assets/Sprites/town full/tiles/tiles_152.asset using Guid(1d28838f206c13d4a80ad97a1324fb7d) Importer(815301076,1909f56bfc062723c751e8b465ee728b)  -> (artifact id: '575ecbcfa3662ae39c6068c032213fc8') in 0.013250 seconds 
========================================================================
Received Import Request.
  Time since last request: 12.091400 seconds.
  path: Packages/com.unity.2d.tilemap/Editor/Unity.2D.Tilemap.Editor.asmdef
  artifactKey: Guid(3a9781db4804a9945b9883f3a7c46d45) Importer(815301076,1909f56bfc062723c751e8b465ee728b)
Start importing Packages/com.unity.2d.tilemap/Editor/Unity.2D.Tilemap.Editor.asmdef using Guid(3a9781db4804a9945b9883f3a7c46d45) Importer(815301076,1909f56bfc062723c751e8b465ee728b)  -> (artifact id: '297ac59c38a5002cef1ff55aa77f07ff') in 0.008980 seconds 
========================================================================
Received Import Request.
  Time since last request: 105.125570 seconds.
  path: Assets/Sprites
  artifactKey: Guid(4c86c6b6c8892cb49ad98922faebfa64) Importer(815301076,1909f56bfc062723c751e8b465ee728b)
Start importing Assets/Sprites using Guid(4c86c6b6c8892cb49ad98922faebfa64) Importer(815301076,1909f56bfc062723c751e8b465ee728b)  -> (artifact id: 'c67fc39258cf07e0e0f51e27ba72b169') in 0.007470 seconds 
========================================================================
Received Import Request.
  Time since last request: 3.367870 seconds.
  path: Assets/Sprites/town full/tiles/Level Tiles.prefab
  artifactKey: Guid(1d4cc7309e7ca5d47ab999048ddf4f20) Importer(815301076,1909f56bfc062723c751e8b465ee728b)
Start importing Assets/Sprites/town full/tiles/Level Tiles.prefab using Guid(1d4cc7309e7ca5d47ab999048ddf4f20) Importer(815301076,1909f56bfc062723c751e8b465ee728b)  -> (artifact id: 'f3467518fd0479c08ba233dfc2f731be') in 0.013514 seconds 
========================================================================
Received Import Request.
  Time since last request: 30.808241 seconds.
  path: Assets/Sprites/town full/tiles/Level Tiles.prefab
  artifactKey: Guid(1d4cc7309e7ca5d47ab999048ddf4f20) Importer(815301076,1909f56bfc062723c751e8b465ee728b)
Start importing Assets/Sprites/town full/tiles/Level Tiles.prefab using Guid(1d4cc7309e7ca5d47ab999048ddf4f20) Importer(815301076,1909f56bfc062723c751e8b465ee728b)  -> (artifact id: 'f17a9af0850d59857c0ad00755478876') in 0.028041 seconds 
========================================================================
Received Import Request.
  Time since last request: 46.977302 seconds.
  path: Assets/Sprites/town full/tiles/tiles.png
  artifactKey: Guid(c847a8537f281884a826df318238a51c) Importer(815301076,1909f56bfc062723c751e8b465ee728b)
Start importing Assets/Sprites/town full/tiles/tiles.png using Guid(c847a8537f281884a826df318238a51c) Importer(815301076,1909f56bfc062723c751e8b465ee728b)  -> (artifact id: 'eaa82b5044dc4ea824cc2c4a5bb1aeb3') in 0.254859 seconds 
========================================================================
Received Import Request.
  Time since last request: 3.775487 seconds.
  path: Assets/Sprites/town full/tiles/tiles.png
  artifactKey: Guid(c847a8537f281884a826df318238a51c) Importer(815301076,1909f56bfc062723c751e8b465ee728b)
Start importing Assets/Sprites/town full/tiles/tiles.png using Guid(c847a8537f281884a826df318238a51c) Importer(815301076,1909f56bfc062723c751e8b465ee728b)  -> (artifact id: 'd46f79b05adc5bde3934a3045a0f7606') in 0.275195 seconds 
========================================================================
Received Import Request.
  Time since last request: 5.790298 seconds.
  path: Assets/Sprites/town full/tiles/tiles_3.asset
  artifactKey: Guid(369b9c5b5d8304a489232d25dfade8e0) Importer(815301076,1909f56bfc062723c751e8b465ee728b)
Start importing Assets/Sprites/town full/tiles/tiles_3.asset using Guid(369b9c5b5d8304a489232d25dfade8e0) Importer(815301076,1909f56bfc062723c751e8b465ee728b)  -> (artifact id: '22dd001d73c0b835d7f551886b27eec4') in 0.056200 seconds 
========================================================================
Received Import Request.
  Time since last request: 34.697223 seconds.
  path: Assets/Sprites/town full/tiles/tiles.png
  artifactKey: Guid(c847a8537f281884a826df318238a51c) Importer(815301076,1909f56bfc062723c751e8b465ee728b)
Start importing Assets/Sprites/town full/tiles/tiles.png using Guid(c847a8537f281884a826df318238a51c) Importer(815301076,1909f56bfc062723c751e8b465ee728b)  -> (artifact id: '1d4fa9d79d67fd8a99647f61903f51f7') in 0.285028 seconds 
========================================================================
Received Import Request.
  Time since last request: 74.428091 seconds.
  path: Assets/Sprites/town full/tiles/Level Tiles.prefab
  artifactKey: Guid(1d4cc7309e7ca5d47ab999048ddf4f20) Importer(815301076,1909f56bfc062723c751e8b465ee728b)
Start importing Assets/Sprites/town full/tiles/Level Tiles.prefab using Guid(1d4cc7309e7ca5d47ab999048ddf4f20) Importer(815301076,1909f56bfc062723c751e8b465ee728b)  -> (artifact id: 'bb6a1b006bead1a273c9283fbfd15d88') in 0.017906 seconds 
========================================================================
Received Import Request.
  Time since last request: 59.070726 seconds.
  path: Assets/Sprites/town full/tiles/tiles.png
  artifactKey: Guid(c847a8537f281884a826df318238a51c) Importer(815301076,1909f56bfc062723c751e8b465ee728b)
Start importing Assets/Sprites/town full/tiles/tiles.png using Guid(c847a8537f281884a826df318238a51c) Importer(815301076,1909f56bfc062723c751e8b465ee728b)  -> (artifact id: 'e53b7ed8f9171cd380517411955393dc') in 0.294983 seconds 
========================================================================
Received Import Request.
  Time since last request: 26.926394 seconds.
  path: Assets/Sprites/town full/tiles/tiles_0.asset
  artifactKey: Guid(4fd357114dad00c43b398342c711a430) Importer(815301076,1909f56bfc062723c751e8b465ee728b)
Start importing Assets/Sprites/town full/tiles/tiles_0.asset using Guid(4fd357114dad00c43b398342c711a430) Importer(815301076,1909f56bfc062723c751e8b465ee728b)  -> (artifact id: '8b840eaf273b99ac35bee49b46e4cb62') in 0.012799 seconds 
========================================================================
Received Import Request.
  Time since last request: 18.271568 seconds.
  path: Assets/Sprites/town full/tiles/tiles_149.asset
  artifactKey: Guid(12e0695c7b0140740a5853e68644d9d8) Importer(815301076,1909f56bfc062723c751e8b465ee728b)
Start importing Assets/Sprites/town full/tiles/tiles_149.asset using Guid(12e0695c7b0140740a5853e68644d9d8) Importer(815301076,1909f56bfc062723c751e8b465ee728b)  -> (artifact id: '99876f6c384fda1f1c578d66c83d8646') in 0.011827 seconds 
========================================================================
Received Import Request.
  Time since last request: 40.197651 seconds.
  path: Assets/Sprites/town full/tiles/Level Tiles.prefab
  artifactKey: Guid(1d4cc7309e7ca5d47ab999048ddf4f20) Importer(815301076,1909f56bfc062723c751e8b465ee728b)
Start importing Assets/Sprites/town full/tiles/Level Tiles.prefab using Guid(1d4cc7309e7ca5d47ab999048ddf4f20) Importer(815301076,1909f56bfc062723c751e8b465ee728b)  -> (artifact id: '516f4576bf21059a8d95a2324b713fee') in 0.014455 seconds 
========================================================================
Received Import Request.
  Time since last request: 92.529593 seconds.
  path: Assets/Sprites/town full/interior/interior.png
  artifactKey: Guid(ac64ed9aa5c263141a4cf80ef137c9e6) Importer(815301076,1909f56bfc062723c751e8b465ee728b)
Start importing Assets/Sprites/town full/interior/interior.png using Guid(ac64ed9aa5c263141a4cf80ef137c9e6) Importer(815301076,1909f56bfc062723c751e8b465ee728b)  -> (artifact id: '15278c562cce68d29eea381a652509f4') in 0.140038 seconds 
========================================================================
Received Import Request.
  Time since last request: 62.398804 seconds.
  path: Assets/Sprites/town full/tiles/tiles.png
  artifactKey: Guid(c847a8537f281884a826df318238a51c) Importer(815301076,1909f56bfc062723c751e8b465ee728b)
Start importing Assets/Sprites/town full/tiles/tiles.png using Guid(c847a8537f281884a826df318238a51c) Importer(815301076,1909f56bfc062723c751e8b465ee728b)  -> (artifact id: '8c6efe6b7de780154e31a9caf3f56b8b') in 0.318010 seconds 
========================================================================
Received Import Request.
  Time since last request: 7.751892 seconds.
  path: Assets/Sprites/town full/tiles/tiles.png
  artifactKey: Guid(c847a8537f281884a826df318238a51c) Importer(815301076,1909f56bfc062723c751e8b465ee728b)
Start importing Assets/Sprites/town full/tiles/tiles.png using Guid(c847a8537f281884a826df318238a51c) Importer(815301076,1909f56bfc062723c751e8b465ee728b)  -> (artifact id: 'ff023a1f0b7bc6939ffec3c7db341831') in 0.290248 seconds 
========================================================================
Received Import Request.
  Time since last request: 5.499734 seconds.
  path: Assets/Sprites/town full/tiles/tiles.png
  artifactKey: Guid(c847a8537f281884a826df318238a51c) Importer(815301076,1909f56bfc062723c751e8b465ee728b)
Start importing Assets/Sprites/town full/tiles/tiles.png using Guid(c847a8537f281884a826df318238a51c) Importer(815301076,1909f56bfc062723c751e8b465ee728b)  -> (artifact id: '000b25200d906d9ee11886c96a7fca6e') in 0.274387 seconds 
========================================================================
Received Import Request.
  Time since last request: 5.830892 seconds.
  path: Assets/Sprites/town full/tiles/tiles.png
  artifactKey: Guid(c847a8537f281884a826df318238a51c) Importer(815301076,1909f56bfc062723c751e8b465ee728b)
Start importing Assets/Sprites/town full/tiles/tiles.png using Guid(c847a8537f281884a826df318238a51c) Importer(815301076,1909f56bfc062723c751e8b465ee728b)  -> (artifact id: '9790d23eb9c7dd7b37f43219aa7f34e7') in 0.292100 seconds 
========================================================================
Received Import Request.
  Time since last request: 150.558705 seconds.
  path: Assets/Sprites/town full/buildings/buildings_all.png
  artifactKey: Guid(f92ca3f619396ee45bc3937d4f7c1cfb) Importer(815301076,1909f56bfc062723c751e8b465ee728b)
Start importing Assets/Sprites/town full/buildings/buildings_all.png using Guid(f92ca3f619396ee45bc3937d4f7c1cfb) Importer(815301076,1909f56bfc062723c751e8b465ee728b)  -> (artifact id: '1d3679b69aeb15ebf7f607ddf0bb27b5') in 0.074466 seconds 
========================================================================
Received Import Request.
  Time since last request: 6.476709 seconds.
  path: Assets/Sprites/town full/buildings/buildings_all.png
  artifactKey: Guid(f92ca3f619396ee45bc3937d4f7c1cfb) Importer(815301076,1909f56bfc062723c751e8b465ee728b)
Start importing Assets/Sprites/town full/buildings/buildings_all.png using Guid(f92ca3f619396ee45bc3937d4f7c1cfb) Importer(815301076,1909f56bfc062723c751e8b465ee728b)  -> (artifact id: '6abff9d6f76be6bb97f352fccd78c09d') in 0.169268 seconds 
========================================================================
Received Import Request.
  Time since last request: 5.383956 seconds.
  path: Assets/Sprites/town full/buildings/buildings_all.png
  artifactKey: Guid(f92ca3f619396ee45bc3937d4f7c1cfb) Importer(815301076,1909f56bfc062723c751e8b465ee728b)
Start importing Assets/Sprites/town full/buildings/buildings_all.png using Guid(f92ca3f619396ee45bc3937d4f7c1cfb) Importer(815301076,1909f56bfc062723c751e8b465ee728b)  -> (artifact id: '0d580b4fc30f77cbcf7b651fcd42d82d') in 0.014435 seconds 
========================================================================
Received Import Request.
  Time since last request: 51.314021 seconds.
  path: Assets/Sprites/town full/buildings/buildings_all.png
  artifactKey: Guid(f92ca3f619396ee45bc3937d4f7c1cfb) Importer(815301076,1909f56bfc062723c751e8b465ee728b)
Start importing Assets/Sprites/town full/buildings/buildings_all.png using Guid(f92ca3f619396ee45bc3937d4f7c1cfb) Importer(815301076,1909f56bfc062723c751e8b465ee728b)  -> (artifact id: 'dcb72a4ddba8e09584cf176b4928509a') in 0.363145 seconds 
========================================================================
Received Import Request.
  Time since last request: 5.067775 seconds.
  path: Assets/Scenes
  artifactKey: Guid(131a6b21c8605f84396be9f6751fb6e3) Importer(815301076,1909f56bfc062723c751e8b465ee728b)
Start importing Assets/Scenes using Guid(131a6b21c8605f84396be9f6751fb6e3) Importer(815301076,1909f56bfc062723c751e8b465ee728b)  -> (artifact id: '2c23e514d24f6b65fe96946cd87fc526') in 0.007988 seconds 
========================================================================
Received Import Request.
  Time since last request: 16.457300 seconds.
  path: Assets/Sprites/town full/interior/interior.png
  artifactKey: Guid(ac64ed9aa5c263141a4cf80ef137c9e6) Importer(815301076,1909f56bfc062723c751e8b465ee728b)
Start importing Assets/Sprites/town full/interior/interior.png using Guid(ac64ed9aa5c263141a4cf80ef137c9e6) Importer(815301076,1909f56bfc062723c751e8b465ee728b)  -> (artifact id: '488946b8326fed8cd8021ee648289a9c') in 0.015186 seconds 
========================================================================
Received Import Request.
  Time since last request: 98.570238 seconds.
  path: Assets/Sprites/town full/interior/interior.png
  artifactKey: Guid(ac64ed9aa5c263141a4cf80ef137c9e6) Importer(815301076,1909f56bfc062723c751e8b465ee728b)
Start importing Assets/Sprites/town full/interior/interior.png using Guid(ac64ed9aa5c263141a4cf80ef137c9e6) Importer(815301076,1909f56bfc062723c751e8b465ee728b)  -> (artifact id: '5f1c173337ad264350ccf1719f8a270e') in 1.451810 seconds 
========================================================================
Received Import Request.
  Time since last request: 50.792817 seconds.
  path: Assets/Sprites/town full/interior/interior.png
  artifactKey: Guid(ac64ed9aa5c263141a4cf80ef137c9e6) Importer(815301076,1909f56bfc062723c751e8b465ee728b)
Start importing Assets/Sprites/town full/interior/interior.png using Guid(ac64ed9aa5c263141a4cf80ef137c9e6) Importer(815301076,1909f56bfc062723c751e8b465ee728b)  -> (artifact id: 'e100ad5421d63ae27eabaa4c75f551b2') in 1.269902 seconds 
========================================================================
Received Import Request.
  Time since last request: 30.546884 seconds.
  path: Assets/Sprites/town full/interior/interior.png
  artifactKey: Guid(ac64ed9aa5c263141a4cf80ef137c9e6) Importer(815301076,1909f56bfc062723c751e8b465ee728b)
Start importing Assets/Sprites/town full/interior/interior.png using Guid(ac64ed9aa5c263141a4cf80ef137c9e6) Importer(815301076,1909f56bfc062723c751e8b465ee728b)  -> (artifact id: 'ef1cac7fbdf72025357cd35d6439be8e') in 1.374906 seconds 
========================================================================
Received Import Request.
  Time since last request: 67.854125 seconds.
  path: Assets/Sprites/town full/interior/interior.png
  artifactKey: Guid(ac64ed9aa5c263141a4cf80ef137c9e6) Importer(815301076,1909f56bfc062723c751e8b465ee728b)
Start importing Assets/Sprites/town full/interior/interior.png using Guid(ac64ed9aa5c263141a4cf80ef137c9e6) Importer(815301076,1909f56bfc062723c751e8b465ee728b)  -> (artifact id: '2adac2223fa2669f27b6a00f4e6db555') in 1.407055 seconds 
========================================================================
Received Import Request.
  Time since last request: 119.464849 seconds.
  path: Assets/Sprites/town full/interior/interior.png
  artifactKey: Guid(ac64ed9aa5c263141a4cf80ef137c9e6) Importer(815301076,1909f56bfc062723c751e8b465ee728b)
Start importing Assets/Sprites/town full/interior/interior.png using Guid(ac64ed9aa5c263141a4cf80ef137c9e6) Importer(815301076,1909f56bfc062723c751e8b465ee728b)  -> (artifact id: 'b91213f725b1f7ebbad0798b34386ed3') in 1.305574 seconds 
========================================================================
Received Import Request.
  Time since last request: 84.421611 seconds.
  path: Assets/Sprites/town full/interior/interior.png
  artifactKey: Guid(ac64ed9aa5c263141a4cf80ef137c9e6) Importer(815301076,1909f56bfc062723c751e8b465ee728b)
Start importing Assets/Sprites/town full/interior/interior.png using Guid(ac64ed9aa5c263141a4cf80ef137c9e6) Importer(815301076,1909f56bfc062723c751e8b465ee728b)  -> (artifact id: 'cc5ff3b9c2e506251ffb1d0d20c1a110') in 1.500544 seconds 
========================================================================
Received Import Request.
  Time since last request: 55.651147 seconds.
  path: Assets/Sprites/town full/interior/interior.png
  artifactKey: Guid(ac64ed9aa5c263141a4cf80ef137c9e6) Importer(815301076,1909f56bfc062723c751e8b465ee728b)
Start importing Assets/Sprites/town full/interior/interior.png using Guid(ac64ed9aa5c263141a4cf80ef137c9e6) Importer(815301076,1909f56bfc062723c751e8b465ee728b)  -> (artifact id: 'ca2b54a3c2fdfb2f754e15857c9bba74') in 1.471785 seconds 
========================================================================
Received Import Request.
  Time since last request: 4.319880 seconds.
  path: Assets/Sprites/town full/interior/interior.png
  artifactKey: Guid(ac64ed9aa5c263141a4cf80ef137c9e6) Importer(815301076,1909f56bfc062723c751e8b465ee728b)
Start importing Assets/Sprites/town full/interior/interior.png using Guid(ac64ed9aa5c263141a4cf80ef137c9e6) Importer(815301076,1909f56bfc062723c751e8b465ee728b)  -> (artifact id: 'd1a226768dad7e86abd96fef277c2861') in 1.383758 seconds 
========================================================================
Received Import Request.
  Time since last request: 9.034694 seconds.
  path: Assets/Sprites/town full/interior/interior.png
  artifactKey: Guid(ac64ed9aa5c263141a4cf80ef137c9e6) Importer(815301076,1909f56bfc062723c751e8b465ee728b)
Start importing Assets/Sprites/town full/interior/interior.png using Guid(ac64ed9aa5c263141a4cf80ef137c9e6) Importer(815301076,1909f56bfc062723c751e8b465ee728b)  -> (artifact id: '8f9768d7969c5d225c502b8b5f64d295') in 1.336875 seconds 
========================================================================
Received Import Request.
  Time since last request: 108.774906 seconds.
  path: Assets/Sprites/Character v.2/characters/char1.png
  artifactKey: Guid(afc6b5a869866ca4881b1ad8645b1c52) Importer(815301076,1909f56bfc062723c751e8b465ee728b)
Start importing Assets/Sprites/Character v.2/characters/char1.png using Guid(afc6b5a869866ca4881b1ad8645b1c52) Importer(815301076,1909f56bfc062723c751e8b465ee728b)  -> (artifact id: 'ec423873177aff19a51492441992fc29') in 0.012276 seconds 
========================================================================
Received Import Request.
  Time since last request: 5.575217 seconds.
  path: Assets/Sprites/Character v.2/characters/char1.png
  artifactKey: Guid(afc6b5a869866ca4881b1ad8645b1c52) Importer(815301076,1909f56bfc062723c751e8b465ee728b)
Start importing Assets/Sprites/Character v.2/characters/char1.png using Guid(afc6b5a869866ca4881b1ad8645b1c52) Importer(815301076,1909f56bfc062723c751e8b465ee728b)  -> (artifact id: '517b62dee7f652de59d7667d5eb30187') in 0.520249 seconds 
========================================================================
Received Import Request.
  Time since last request: 83.761363 seconds.
  path: Assets/Sprites/town full/tiles/interior_1.asset
  artifactKey: Guid(ec33ba9ba65d72445bcf7720c26a18df) Importer(815301076,1909f56bfc062723c751e8b465ee728b)
Start importing Assets/Sprites/town full/tiles/interior_1.asset using Guid(ec33ba9ba65d72445bcf7720c26a18df) Importer(815301076,1909f56bfc062723c751e8b465ee728b)  -> (artifact id: '4c98c6b0e760c3fce20e65b92492b5d2') in 0.017664 seconds 
========================================================================
Received Import Request.
  Time since last request: 0.000019 seconds.
  path: Assets/Sprites/town full/tiles/Level Tiles.prefab
  artifactKey: Guid(1d4cc7309e7ca5d47ab999048ddf4f20) Importer(815301076,1909f56bfc062723c751e8b465ee728b)
Start importing Assets/Sprites/town full/tiles/Level Tiles.prefab using Guid(1d4cc7309e7ca5d47ab999048ddf4f20) Importer(815301076,1909f56bfc062723c751e8b465ee728b)  -> (artifact id: '6f33b3006b8289f28cf7bac8825009b2') in 0.018854 seconds 
========================================================================
Received Import Request.
  Time since last request: 81.672706 seconds.
  path: Assets/Sprites/town full/interior/interior.png
  artifactKey: Guid(ac64ed9aa5c263141a4cf80ef137c9e6) Importer(815301076,1909f56bfc062723c751e8b465ee728b)
Start importing Assets/Sprites/town full/interior/interior.png using Guid(ac64ed9aa5c263141a4cf80ef137c9e6) Importer(815301076,1909f56bfc062723c751e8b465ee728b)  -> (artifact id: '24b41ea9985207943f55bc06a6ee45db') in 1.438769 seconds 
========================================================================
Received Import Request.
  Time since last request: 339.741963 seconds.
  path: Assets/Sprites/town full/interior/interior.png
  artifactKey: Guid(ac64ed9aa5c263141a4cf80ef137c9e6) Importer(815301076,1909f56bfc062723c751e8b465ee728b)
Start importing Assets/Sprites/town full/interior/interior.png using Guid(ac64ed9aa5c263141a4cf80ef137c9e6) Importer(815301076,1909f56bfc062723c751e8b465ee728b)  -> (artifact id: '89144ce151ce81d2962ccece9f04229c') in 1.533177 seconds 
========================================================================
Received Import Request.
  Time since last request: 114.007950 seconds.
  path: Assets/Sprites/town full/interior/interior.png
  artifactKey: Guid(ac64ed9aa5c263141a4cf80ef137c9e6) Importer(815301076,1909f56bfc062723c751e8b465ee728b)
Start importing Assets/Sprites/town full/interior/interior.png using Guid(ac64ed9aa5c263141a4cf80ef137c9e6) Importer(815301076,1909f56bfc062723c751e8b465ee728b)  -> (artifact id: '94b5a7cf3570e2bfc6cc5bef2e694a5e') in 1.330621 seconds 
========================================================================
Received Import Request.
  Time since last request: 7.784173 seconds.
  path: Assets/Sprites/town full/interior/interior.png
  artifactKey: Guid(ac64ed9aa5c263141a4cf80ef137c9e6) Importer(815301076,1909f56bfc062723c751e8b465ee728b)
Start importing Assets/Sprites/town full/interior/interior.png using Guid(ac64ed9aa5c263141a4cf80ef137c9e6) Importer(815301076,1909f56bfc062723c751e8b465ee728b)  -> (artifact id: '7f0c7b697c27fbb6193258af39d21cfa') in 1.325157 seconds 
========================================================================
Received Import Request.
  Time since last request: 772.749683 seconds.
  path: Assets/Sprites/town full/interior/interior.png
  artifactKey: Guid(ac64ed9aa5c263141a4cf80ef137c9e6) Importer(815301076,1909f56bfc062723c751e8b465ee728b)
Start importing Assets/Sprites/town full/interior/interior.png using Guid(ac64ed9aa5c263141a4cf80ef137c9e6) Importer(815301076,1909f56bfc062723c751e8b465ee728b)  -> (artifact id: '66f13fb806851144790fba0696763e96') in 1.525347 seconds 
========================================================================
Received Import Request.
  Time since last request: 13.513589 seconds.
  path: Assets/Sprites/town full/interior/interior.png
  artifactKey: Guid(ac64ed9aa5c263141a4cf80ef137c9e6) Importer(815301076,1909f56bfc062723c751e8b465ee728b)
Start importing Assets/Sprites/town full/interior/interior.png using Guid(ac64ed9aa5c263141a4cf80ef137c9e6) Importer(815301076,1909f56bfc062723c751e8b465ee728b)  -> (artifact id: 'e858f456aa374f84689b5845daa27e77') in 1.577698 seconds 
========================================================================
Received Import Request.
  Time since last request: 17.353902 seconds.
  path: Assets/Sprites/town full/interior/interior.png
  artifactKey: Guid(ac64ed9aa5c263141a4cf80ef137c9e6) Importer(815301076,1909f56bfc062723c751e8b465ee728b)
Start importing Assets/Sprites/town full/interior/interior.png using Guid(ac64ed9aa5c263141a4cf80ef137c9e6) Importer(815301076,1909f56bfc062723c751e8b465ee728b)  -> (artifact id: '550543d7db29b8f2d2f8596f62390f01') in 1.352666 seconds 
========================================================================
Received Import Request.
  Time since last request: 15.133158 seconds.
  path: Assets/Sprites/town full/tiles/interior_1.asset
  artifactKey: Guid(ec33ba9ba65d72445bcf7720c26a18df) Importer(815301076,1909f56bfc062723c751e8b465ee728b)
Start importing Assets/Sprites/town full/tiles/interior_1.asset using Guid(ec33ba9ba65d72445bcf7720c26a18df) Importer(815301076,1909f56bfc062723c751e8b465ee728b)  -> (artifact id: '97fd151deac9c1c6c8115be705bfea8c') in 0.018516 seconds 
========================================================================
Received Import Request.
  Time since last request: 0.000018 seconds.
  path: Assets/Sprites/town full/tiles/Level Tiles.prefab
  artifactKey: Guid(1d4cc7309e7ca5d47ab999048ddf4f20) Importer(815301076,1909f56bfc062723c751e8b465ee728b)
Start importing Assets/Sprites/town full/tiles/Level Tiles.prefab using Guid(1d4cc7309e7ca5d47ab999048ddf4f20) Importer(815301076,1909f56bfc062723c751e8b465ee728b)  -> (artifact id: '8f2745ddd7c512f9228f10db45320579') in 0.026772 seconds 
========================================================================
Received Import Request.
  Time since last request: 0.000024 seconds.
  path: Assets/Sprites/town full/tiles/interior_803.asset
  artifactKey: Guid(f6c4eb84e2d961749af026645458017d) Importer(815301076,1909f56bfc062723c751e8b465ee728b)
Start importing Assets/Sprites/town full/tiles/interior_803.asset using Guid(f6c4eb84e2d961749af026645458017d) Importer(815301076,1909f56bfc062723c751e8b465ee728b)  -> (artifact id: 'f74cd8bc9c71fa1964fe8c421d6a1c38') in 0.016246 seconds 
========================================================================
Received Import Request.
  Time since last request: 54.262549 seconds.
  path: Assets/Sprites/town full/tiles/interior_805.asset
  artifactKey: Guid(08088171673109943a7bde84cdc8deac) Importer(815301076,1909f56bfc062723c751e8b465ee728b)
Start importing Assets/Sprites/town full/tiles/interior_805.asset using Guid(08088171673109943a7bde84cdc8deac) Importer(815301076,1909f56bfc062723c751e8b465ee728b)  -> (artifact id: 'c3fcf02b32d5cd88442146e1f61d6723') in 0.017223 seconds 
========================================================================
Received Import Request.
  Time since last request: 44.398245 seconds.
  path: Assets/Sprites/town full/interior/interior.png
  artifactKey: Guid(ac64ed9aa5c263141a4cf80ef137c9e6) Importer(815301076,1909f56bfc062723c751e8b465ee728b)
Start importing Assets/Sprites/town full/interior/interior.png using Guid(ac64ed9aa5c263141a4cf80ef137c9e6) Importer(815301076,1909f56bfc062723c751e8b465ee728b)  -> (artifact id: '40fd3363abc3a4430a31602680f9349e') in 1.391716 seconds 
========================================================================
Received Import Request.
  Time since last request: 32.293782 seconds.
  path: Assets/Sprites/town full/interior/interior.png
  artifactKey: Guid(ac64ed9aa5c263141a4cf80ef137c9e6) Importer(815301076,1909f56bfc062723c751e8b465ee728b)
Start importing Assets/Sprites/town full/interior/interior.png using Guid(ac64ed9aa5c263141a4cf80ef137c9e6) Importer(815301076,1909f56bfc062723c751e8b465ee728b)  -> (artifact id: '09ec52d004226e130ce969027495a193') in 1.368424 seconds 
========================================================================
Received Import Request.
  Time since last request: 131.684126 seconds.
  path: Assets/Sprites/Character v.2/characters/char4.png
  artifactKey: Guid(ccc7110020a31d9409f38a9b8e8e0a81) Importer(815301076,1909f56bfc062723c751e8b465ee728b)
Start importing Assets/Sprites/Character v.2/characters/char4.png using Guid(ccc7110020a31d9409f38a9b8e8e0a81) Importer(815301076,1909f56bfc062723c751e8b465ee728b)  -> (artifact id: 'acbc3ea7d715268327ccb8342317403b') in 0.012763 seconds 
========================================================================
Received Import Request.
  Time since last request: 13.519629 seconds.
  path: Assets/Sprites/Character v.2/characters/char4.png
  artifactKey: Guid(ccc7110020a31d9409f38a9b8e8e0a81) Importer(815301076,1909f56bfc062723c751e8b465ee728b)
Start importing Assets/Sprites/Character v.2/characters/char4.png using Guid(ccc7110020a31d9409f38a9b8e8e0a81) Importer(815301076,1909f56bfc062723c751e8b465ee728b)  -> (artifact id: '8c4a521482b4c18b9e3f15c081fbe85b') in 0.382669 seconds 
========================================================================
Received Import Request.
  Time since last request: 483.315045 seconds.
  path: Assets/Sprites/town full/interior/interior.png
  artifactKey: Guid(ac64ed9aa5c263141a4cf80ef137c9e6) Importer(815301076,1909f56bfc062723c751e8b465ee728b)
Start importing Assets/Sprites/town full/interior/interior.png using Guid(ac64ed9aa5c263141a4cf80ef137c9e6) Importer(815301076,1909f56bfc062723c751e8b465ee728b)  -> (artifact id: '17a7df8035f8b19b5af7d60de84b3211') in 1.632308 seconds 
========================================================================
Received Import Request.
  Time since last request: 207.070369 seconds.
  path: Assets/Sprites/town full/interior/interior.png
  artifactKey: Guid(ac64ed9aa5c263141a4cf80ef137c9e6) Importer(815301076,1909f56bfc062723c751e8b465ee728b)
Start importing Assets/Sprites/town full/interior/interior.png using Guid(ac64ed9aa5c263141a4cf80ef137c9e6) Importer(815301076,1909f56bfc062723c751e8b465ee728b)  -> (artifact id: 'f308f53f527c363bbf77029025cca75d') in 1.440751 seconds 
========================================================================
Received Import Request.
  Time since last request: 174.974099 seconds.
  path: Assets/Sprites/town full/interior/interior.png
  artifactKey: Guid(ac64ed9aa5c263141a4cf80ef137c9e6) Importer(815301076,1909f56bfc062723c751e8b465ee728b)
Start importing Assets/Sprites/town full/interior/interior.png using Guid(ac64ed9aa5c263141a4cf80ef137c9e6) Importer(815301076,1909f56bfc062723c751e8b465ee728b)  -> (artifact id: 'cd7ec0326ebbdbb929805cc6a18e6d73') in 1.686446 seconds 
========================================================================
Received Import Request.
  Time since last request: 225.820872 seconds.
  path: Assets/Sprites/town full/interior/interior.png
  artifactKey: Guid(ac64ed9aa5c263141a4cf80ef137c9e6) Importer(815301076,1909f56bfc062723c751e8b465ee728b)
Start importing Assets/Sprites/town full/interior/interior.png using Guid(ac64ed9aa5c263141a4cf80ef137c9e6) Importer(815301076,1909f56bfc062723c751e8b465ee728b)  -> (artifact id: 'e6d058711a140c8a9905ec8d021bee53') in 1.356032 seconds 
========================================================================
Received Import Request.
  Time since last request: 20.236242 seconds.
  path: Assets/Sprites/town full/interior/interior.png
  artifactKey: Guid(ac64ed9aa5c263141a4cf80ef137c9e6) Importer(815301076,1909f56bfc062723c751e8b465ee728b)
Start importing Assets/Sprites/town full/interior/interior.png using Guid(ac64ed9aa5c263141a4cf80ef137c9e6) Importer(815301076,1909f56bfc062723c751e8b465ee728b)  -> (artifact id: '2d884fe0351c23e7efbd6ed7520ee6ca') in 1.561802 seconds 
========================================================================
Received Import Request.
  Time since last request: 67.620085 seconds.
  path: Assets/Sprites/town full/interior/interior.png
  artifactKey: Guid(ac64ed9aa5c263141a4cf80ef137c9e6) Importer(815301076,1909f56bfc062723c751e8b465ee728b)
Start importing Assets/Sprites/town full/interior/interior.png using Guid(ac64ed9aa5c263141a4cf80ef137c9e6) Importer(815301076,1909f56bfc062723c751e8b465ee728b)  -> (artifact id: 'd76b54596d35c28a5ff0546a110236d0') in 1.418685 seconds 
