Using pre-set license
Built from '2021.3/staging' branch; Version is '2021.3.2f1 (d6360bedb9a0) revision 14038539'; Using compiler version '192829333'; Build Type 'Release'
OS: 'Windows 10  (10.0.19045) 64bit Professional' Language: 'en' Physical Memory: 16311 MB
BatchMode: 1, IsHumanControllingUs: 0, StartBugReporterOnCrash: 0, Is64bit: 1, IsPro: 1

COMMAND LINE ARGUMENTS:
F:\Program Files (x86)\Unity\2021.3.2f1\Editor\Unity.exe
-adb2
-batchMode
-noUpm
-name
AssetImportWorker2
-projectPath
F:/Users/Public/Documents/Unity Projects/IVO-HENRIQUES_BSG-TASK/IVO HENRIQUES_BGS TASK/IVO HENRIQUES_BGS TASK
-logFile
Logs/AssetImportWorker2.log
-srvPort
59248
Successfully changed project path to: F:/Users/Public/Documents/Unity Projects/IVO-HENRIQUES_BSG-TASK/IVO HENRIQUES_BGS TASK/IVO HENRIQUES_BGS TASK
F:/Users/Public/Documents/Unity Projects/IVO-HENRIQUES_BSG-TASK/IVO HENRIQUES_BGS TASK/IVO HENRIQUES_BGS TASK
[UnityMemory] Configuration Parameters - Can be set up in boot.config
    "memorysetup-bucket-allocator-granularity=16"
    "memorysetup-bucket-allocator-bucket-count=8"
    "memorysetup-bucket-allocator-block-size=33554432"
    "memorysetup-bucket-allocator-block-count=8"
    "memorysetup-main-allocator-block-size=16777216"
    "memorysetup-thread-allocator-block-size=16777216"
    "memorysetup-gfx-main-allocator-block-size=16777216"
    "memorysetup-gfx-thread-allocator-block-size=16777216"
    "memorysetup-cache-allocator-block-size=4194304"
    "memorysetup-typetree-allocator-block-size=2097152"
    "memorysetup-profiler-bucket-allocator-granularity=16"
    "memorysetup-profiler-bucket-allocator-bucket-count=8"
    "memorysetup-profiler-bucket-allocator-block-size=33554432"
    "memorysetup-profiler-bucket-allocator-block-count=8"
    "memorysetup-profiler-allocator-block-size=16777216"
    "memorysetup-profiler-editor-allocator-block-size=1048576"
    "memorysetup-temp-allocator-size-main=16777216"
    "memorysetup-job-temp-allocator-block-size=2097152"
    "memorysetup-job-temp-allocator-block-size-background=1048576"
    "memorysetup-job-temp-allocator-reduction-small-platforms=262144"
    "memorysetup-temp-allocator-size-background-worker=32768"
    "memorysetup-temp-allocator-size-job-worker=262144"
    "memorysetup-temp-allocator-size-preload-manager=33554432"
    "memorysetup-temp-allocator-size-nav-mesh-worker=65536"
    "memorysetup-temp-allocator-size-audio-worker=65536"
    "memorysetup-temp-allocator-size-cloud-worker=32768"
    "memorysetup-temp-allocator-size-gi-baking-worker=262144"
    "memorysetup-temp-allocator-size-gfx=262144"
Refreshing native plugins compatible for Editor in 96.14 ms, found 4 plugins.
Preloading 0 native plugins for Editor in 0.00 ms.
Initialize engine version: 2021.3.2f1 (d6360bedb9a0)
[Subsystems] Discovering subsystems at path F:/Program Files (x86)/Unity/2021.3.2f1/Editor/Data/Resources/UnitySubsystems
[Subsystems] Discovering subsystems at path F:/Users/Public/Documents/Unity Projects/IVO-HENRIQUES_BSG-TASK/IVO HENRIQUES_BGS TASK/IVO HENRIQUES_BGS TASK/Assets
GfxDevice: creating device client; threaded=0; jobified=0
Direct3D:
    Version:  Direct3D 11.0 [level 11.1]
    Renderer: NVIDIA GeForce GTX 1050 Ti (ID=0x1c82)
    Vendor:   NVIDIA
    VRAM:     4017 MB
    Driver:   31.0.15.3623
Initialize mono
Mono path[0] = 'F:/Program Files (x86)/Unity/2021.3.2f1/Editor/Data/Managed'
Mono path[1] = 'F:/Program Files (x86)/Unity/2021.3.2f1/Editor/Data/MonoBleedingEdge/lib/mono/unityjit-win32'
Mono config path = 'F:/Program Files (x86)/Unity/2021.3.2f1/Editor/Data/MonoBleedingEdge/etc'
Using monoOptions --debugger-agent=transport=dt_socket,embedding=1,server=y,suspend=n,address=127.0.0.1:56068
Begin MonoManager ReloadAssembly
Registering precompiled unity dll's ...
Register platform support module: F:/Program Files (x86)/Unity/2021.3.2f1/Editor/Data/PlaybackEngines/AndroidPlayer/UnityEditor.Android.Extensions.dll
Register platform support module: F:/Program Files (x86)/Unity/2021.3.2f1/Editor/Data/PlaybackEngines/iOSSupport/UnityEditor.iOS.Extensions.dll
Register platform support module: F:/Program Files (x86)/Unity/2021.3.2f1/Editor/Data/PlaybackEngines/WindowsStandaloneSupport/UnityEditor.WindowsStandalone.Extensions.dll
Registered in 0.003411 seconds.
Native extension for WindowsStandalone target not found
[usbmuxd] Start listen thread
[usbmuxd] Listen thread started
Native extension for iOS target not found
Native extension for Android target not found
Refreshing native plugins compatible for Editor in 95.69 ms, found 4 plugins.
Preloading 0 native plugins for Editor in 0.00 ms.
Mono: successfully reloaded assembly
- Completed reload, in  0.591 seconds
Domain Reload Profiling:
	ReloadAssembly (591ms)
		BeginReloadAssembly (66ms)
			ExecutionOrderSort (0ms)
			DisableScriptedObjects (0ms)
			BackupInstance (0ms)
			ReleaseScriptingObjects (0ms)
			CreateAndSetChildDomain (1ms)
		EndReloadAssembly (434ms)
			LoadAssemblies (65ms)
			RebuildTransferFunctionScriptingTraits (0ms)
			SetupTypeCache (97ms)
			ReleaseScriptCaches (0ms)
			RebuildScriptCaches (25ms)
			SetupLoadedEditorAssemblies (271ms)
				LogAssemblyErrors (0ms)
				InitializePlatformSupportModulesInManaged (53ms)
				SetLoadedEditorAssemblies (0ms)
				RefreshPlugins (96ms)
				BeforeProcessingInitializeOnLoad (1ms)
				ProcessInitializeOnLoadAttributes (84ms)
				ProcessInitializeOnLoadMethodAttributes (37ms)
				AfterProcessingInitializeOnLoad (0ms)
				EditorAssembliesLoaded (0ms)
			ExecutionOrderSort2 (0ms)
			AwakeInstancesAfterBackupRestoration (0ms)
Platform modules already initialized, skipping
Registering precompiled user dll's ...
Registered in 0.005707 seconds.
Begin MonoManager ReloadAssembly
Symbol file LoadedFromMemory doesn't match image F:\Users\Public\Documents\Unity Projects\IVO-HENRIQUES_BSG-TASK\IVO HENRIQUES_BGS TASK\IVO HENRIQUES_BGS TASK\Library\PackageCache\com.unity.visualscripting@1.7.6\Editor\VisualScripting.Core\Dependencies\YamlDotNet\Unity.VisualScripting.YamlDotNet.dll
Symbol file LoadedFromMemory doesn't match image F:\Users\Public\Documents\Unity Projects\IVO-HENRIQUES_BSG-TASK\IVO HENRIQUES_BGS TASK\IVO HENRIQUES_BGS TASK\Library\PackageCache\com.unity.visualscripting@1.7.6\Editor\VisualScripting.Core\Dependencies\DotNetZip\Unity.VisualScripting.IonicZip.dll
Native extension for WindowsStandalone target not found
Native extension for iOS target not found
Native extension for Android target not found
Refreshing native plugins compatible for Editor in 96.00 ms, found 4 plugins.
Preloading 0 native plugins for Editor in 0.00 ms.
Mono: successfully reloaded assembly
- Completed reload, in  1.140 seconds
Domain Reload Profiling:
	ReloadAssembly (1141ms)
		BeginReloadAssembly (207ms)
			ExecutionOrderSort (0ms)
			DisableScriptedObjects (5ms)
			BackupInstance (0ms)
			ReleaseScriptingObjects (0ms)
			CreateAndSetChildDomain (134ms)
		EndReloadAssembly (838ms)
			LoadAssemblies (70ms)
			RebuildTransferFunctionScriptingTraits (0ms)
			SetupTypeCache (228ms)
			ReleaseScriptCaches (1ms)
			RebuildScriptCaches (55ms)
			SetupLoadedEditorAssemblies (442ms)
				LogAssemblyErrors (0ms)
				InitializePlatformSupportModulesInManaged (17ms)
				SetLoadedEditorAssemblies (0ms)
				RefreshPlugins (96ms)
				BeforeProcessingInitializeOnLoad (84ms)
				ProcessInitializeOnLoadAttributes (206ms)
				ProcessInitializeOnLoadMethodAttributes (35ms)
				AfterProcessingInitializeOnLoad (3ms)
				EditorAssembliesLoaded (0ms)
			ExecutionOrderSort2 (0ms)
			AwakeInstancesAfterBackupRestoration (5ms)
Platform modules already initialized, skipping
========================================================================
Worker process is ready to serve import requests
Launched and connected shader compiler UnityShaderCompiler.exe after 0.04 seconds
Refreshing native plugins compatible for Editor in 1.21 ms, found 4 plugins.
Preloading 0 native plugins for Editor in 0.00 ms.
Unloading 4054 Unused Serialized files (Serialized files now loaded: 0)
Unloading 37 unused Assets / (55.6 KB). Loaded Objects now: 4512.
Memory consumption went from 152.8 MB to 152.7 MB.
Total: 4.748300 ms (FindLiveObjects: 0.644500 ms CreateObjectMapping: 0.143100 ms MarkObjects: 3.829300 ms  DeleteObjects: 0.129600 ms)

AssetImportParameters requested are different than current active one (requested -> active):
  custom:video-decoder-ogg-theora: a1e56fd34408186e4bbccfd4996cb3dc -> 
  custom:container-muxer-webm: aa71ff27fc2769a1b78a27578f13a17b -> 
  custom:container-demuxer-webm: 4f35f7cbe854078d1ac9338744f61a02 -> 
  custom:video-encoder-webm-vp8: eb34c28f22e8b96e1ab97ce403110664 -> 
  custom:video-codec-MediaFoundation-h265: 746d11721c4dcdbdad8f713fa42b33f4 -> 
  custom:audio-encoder-webm-vorbis: bf7c407c2cedff20999df2af8eb42d56 -> 
  custom:framework-win-MediaFoundation: 216162199b28c13a410421893ffa2e32 -> 
  custom:container-demuxer-ogg: 62fdf1f143b41e24485cea50d1cbac27 -> 
  custom:video-decoder-webm-vp8: 9c59270c3fd7afecdb556c50c9e8de78 -> 
  custom:audio-decoder-ogg-vorbis: bf7c407c2cedff20999df2af8eb42d56 -> 
========================================================================
Received Import Request.
  Time since last request: 553412.839774 seconds.
  path: Assets/Sprites/Character v.2/clothes/basic.png
  artifactKey: Guid(0c3c9ce6ff6a20844bce4e2487891ad7) Importer(815301076,1909f56bfc062723c751e8b465ee728b)
Start importing Assets/Sprites/Character v.2/clothes/basic.png using Guid(0c3c9ce6ff6a20844bce4e2487891ad7) Importer(815301076,1909f56bfc062723c751e8b465ee728b)  -> (artifact id: 'bfde29fc60acd91baca38f1100716f0d') in 4.379441 seconds 
========================================================================
Received Import Request.
  Time since last request: 12.816232 seconds.
  path: Assets/Scenes/ShopInteraction.unity
  artifactKey: Guid(ed7076606bba3514f9e744864f87935a) Importer(815301076,1909f56bfc062723c751e8b465ee728b)
Start importing Assets/Scenes/ShopInteraction.unity using Guid(ed7076606bba3514f9e744864f87935a) Importer(815301076,1909f56bfc062723c751e8b465ee728b)  -> (artifact id: '9968b8686d86aea0619861e8bdf8db82') in 0.006531 seconds 
========================================================================
Received Import Request.
  Time since last request: 110.376108 seconds.
  path: Assets/Sprites/Character v.2/acc/beard.png
  artifactKey: Guid(d71316736c8951644bb0826e9169f811) Importer(815301076,1909f56bfc062723c751e8b465ee728b)
Start importing Assets/Sprites/Character v.2/acc/beard.png using Guid(d71316736c8951644bb0826e9169f811) Importer(815301076,1909f56bfc062723c751e8b465ee728b)  -> (artifact id: '7f8a64d646968a39f4e37853011b5eb6') in 0.122430 seconds 
========================================================================
Received Import Request.
  Time since last request: 0.000029 seconds.
  path: Assets/Sprites/Character v.2/acc/earring_emerald_silver.png
  artifactKey: Guid(5dca47b14e454654d9125f0bd20c57e9) Importer(815301076,1909f56bfc062723c751e8b465ee728b)
Start importing Assets/Sprites/Character v.2/acc/earring_emerald_silver.png using Guid(5dca47b14e454654d9125f0bd20c57e9) Importer(815301076,1909f56bfc062723c751e8b465ee728b)  -> (artifact id: '852a23e31aa08ca8115fa69f1664eff2') in 0.035324 seconds 
========================================================================
Received Import Request.
  Time since last request: 0.000025 seconds.
  path: Assets/Sprites/Character v.2/acc/hat_witch.png
  artifactKey: Guid(5822eea8c6f8f4544bb457869cbad3a5) Importer(815301076,1909f56bfc062723c751e8b465ee728b)
Start importing Assets/Sprites/Character v.2/acc/hat_witch.png using Guid(5822eea8c6f8f4544bb457869cbad3a5) Importer(815301076,1909f56bfc062723c751e8b465ee728b)  -> (artifact id: 'e85a1867545e6b0774c7ddc6c8e6d712') in 0.029060 seconds 
========================================================================
Received Import Request.
  Time since last request: 0.000032 seconds.
  path: Assets/Sprites/Character v.2/acc/hat_cowboy.png
  artifactKey: Guid(72e57ce640413b041a09ebd0edf3395c) Importer(815301076,1909f56bfc062723c751e8b465ee728b)
Start importing Assets/Sprites/Character v.2/acc/hat_cowboy.png using Guid(72e57ce640413b041a09ebd0edf3395c) Importer(815301076,1909f56bfc062723c751e8b465ee728b)  -> (artifact id: '615333fde6e6289ae076b02fc226a443') in 0.031162 seconds 
========================================================================
Received Import Request.
  Time since last request: 0.000019 seconds.
  path: Assets/Sprites/Character v.2/acc/glasses_sun.png
  artifactKey: Guid(aa1466d1b111bcc408d0cef2ec9468fe) Importer(815301076,1909f56bfc062723c751e8b465ee728b)
Start importing Assets/Sprites/Character v.2/acc/glasses_sun.png using Guid(aa1466d1b111bcc408d0cef2ec9468fe) Importer(815301076,1909f56bfc062723c751e8b465ee728b)  -> (artifact id: '5176a33b32ad1008cf16a8afbb1f561c') in 0.225588 seconds 
========================================================================
Received Import Request.
  Time since last request: 0.086923 seconds.
  path: Assets/Sprites/Character v.2/characters/char1.png
  artifactKey: Guid(afc6b5a869866ca4881b1ad8645b1c52) Importer(815301076,1909f56bfc062723c751e8b465ee728b)
Start importing Assets/Sprites/Character v.2/characters/char1.png using Guid(afc6b5a869866ca4881b1ad8645b1c52) Importer(815301076,1909f56bfc062723c751e8b465ee728b)  -> (artifact id: '517b62dee7f652de59d7667d5eb30187') in 0.503882 seconds 
========================================================================
Received Import Request.
  Time since last request: 0.000029 seconds.
  path: Assets/Sprites/Character v.2/characters/char7.png
  artifactKey: Guid(5cd4551d0178b494897bdf1350c2c4fd) Importer(815301076,1909f56bfc062723c751e8b465ee728b)
Start importing Assets/Sprites/Character v.2/characters/char7.png using Guid(5cd4551d0178b494897bdf1350c2c4fd) Importer(815301076,1909f56bfc062723c751e8b465ee728b)  -> (artifact id: 'd87f5ff591d6df784146ebe098f59175') in 0.030022 seconds 
========================================================================
Received Import Request.
  Time since last request: 0.000034 seconds.
  path: Assets/Sprites/Character v.2/characters/char3.png
  artifactKey: Guid(7be39a5ca5a39b24586f5dfcd2ecae83) Importer(815301076,1909f56bfc062723c751e8b465ee728b)
Start importing Assets/Sprites/Character v.2/characters/char3.png using Guid(7be39a5ca5a39b24586f5dfcd2ecae83) Importer(815301076,1909f56bfc062723c751e8b465ee728b)  -> (artifact id: 'ed0324a364e03bb70569ffcb1c15a74e') in 0.030529 seconds 
========================================================================
Received Import Request.
  Time since last request: 0.000025 seconds.
  path: Assets/Sprites/Character v.2/characters/char8.png
  artifactKey: Guid(c04b7540aab4fa449899648a9911cee0) Importer(815301076,1909f56bfc062723c751e8b465ee728b)
Start importing Assets/Sprites/Character v.2/characters/char8.png using Guid(c04b7540aab4fa449899648a9911cee0) Importer(815301076,1909f56bfc062723c751e8b465ee728b)  -> (artifact id: '7b4765ad775405c26c769e4d68a2ea39') in 0.030947 seconds 
Editor requested this worker to shutdown with reason: Scaling down because of idle timeout
AssetImportWorker is now disconnected from the server
Process exiting
Exiting without the bug reporter. Application will terminate with return code 0